#
# There is insufficient memory for the Java Runtime Environment to continue.
# Native memory allocation (malloc) failed to allocate 780896 bytes for Chunk::new
# Possible reasons:
#   The system is out of physical RAM or swap space
#   The process is running with CompressedOops enabled, and the Java Heap may be blocking the growth of the native heap
# Possible solutions:
#   Reduce memory load on the system
#   Increase physical memory or swap space
#   Check if swap backing store is full
#   Decrease Java heap size (-Xmx/-Xms)
#   Decrease number of Java threads
#   Decrease Java thread stack sizes (-Xss)
#   Set larger code cache with -XX:ReservedCodeCacheSize=
#   JVM is running with Zero Based Compressed Oops mode in which the Java heap is
#     placed in the first 32GB address space. The Java Heap base address is the
#     maximum limit for the native heap growth. Please use -XX:HeapBaseMinAddress
#     to set the Java Heap base and to place the Java Heap above 32GB virtual address.
# This output file may be truncated or incomplete.
#
#  Out of Memory Error (allocation.cpp:389), pid=74972, tid=0x0000000000010a78
#
# JRE version: Java(TM) SE Runtime Environment (8.0_231-b11) (build 1.8.0_231-b11)
# Java VM: Java HotSpot(TM) 64-Bit Server VM (25.231-b11 mixed mode windows-amd64 compressed oops)
# Failed to write core dump. Minidumps are not enabled by default on client versions of Windows
#

---------------  T H R E A D  ---------------

Current thread (0x0000000020592800):  JavaThread "C2 CompilerThread2" daemon [_thread_in_native, id=68216, stack(0x0000000020bc0000,0x0000000020cc0000)]

Stack: [0x0000000020bc0000,0x0000000020cc0000]
[error occurred during error reporting (printing stack bounds), id 0xc0000005]

Native frames: (J=compiled Java code, j=interpreted, Vv=VM code, C=native code)


Current CompileTask:
C2: 159461 4157       4       org.aspectj.weaver.ResolvedType::collectInterTypeMungers (266 bytes)


---------------  P R O C E S S  ---------------

Java Threads: ( => current thread )
  0x0000000022b78000 JavaThread "ForkJoinPool.commonPool-worker-4" daemon [_thread_blocked, id=72564, stack(0x0000000029960000,0x0000000029a60000)]
  0x0000000022b7c800 JavaThread "ForkJoinPool.commonPool-worker-2" daemon [_thread_blocked, id=71260, stack(0x0000000029760000,0x0000000029860000)]
  0x0000000022b7a000 JavaThread "Exec Stream Pumper" daemon [_thread_in_native, id=21624, stack(0x0000000029660000,0x0000000029760000)]
  0x0000000022b76000 JavaThread "Exec Stream Pumper" daemon [_thread_in_native, id=61136, stack(0x0000000029560000,0x0000000029660000)]
  0x0000000022b78800 JavaThread "Exec Default Executor" daemon [_thread_in_native, id=73284, stack(0x0000000027860000,0x0000000027960000)]
  0x0000000023205800 JavaThread "Java2D Disposer" daemon [_thread_blocked, id=72180, stack(0x0000000026fd0000,0x00000000270d0000)]
  0x0000000023f1b000 JavaThread "Okio Watchdog" daemon [_thread_blocked, id=69436, stack(0x0000000026ed0000,0x0000000026fd0000)]
  0x0000000021f87800 JavaThread "OkHttp ConnectionPool" daemon [_thread_blocked, id=74628, stack(0x0000000026dd0000,0x0000000026ed0000)]
  0x0000000024629000 JavaThread "Exec Stream Pumper" daemon [_thread_in_native, id=71724, stack(0x0000000026420000,0x0000000026520000)]
  0x00000000219f1000 JavaThread "Exec Stream Pumper" daemon [_thread_in_native, id=73888, stack(0x0000000026320000,0x0000000026420000)]
  0x00000000226df000 JavaThread "Exec Default Executor" daemon [_thread_in_native, id=72032, stack(0x0000000026120000,0x0000000026220000)]
  0x00000000205fd800 JavaThread "Service Thread" daemon [_thread_blocked, id=71412, stack(0x0000000020dc0000,0x0000000020ec0000)]
  0x0000000020593800 JavaThread "C1 CompilerThread3" daemon [_thread_blocked, id=72340, stack(0x0000000020cc0000,0x0000000020dc0000)]
=>0x0000000020592800 JavaThread "C2 CompilerThread2" daemon [_thread_in_native, id=68216, stack(0x0000000020bc0000,0x0000000020cc0000)]
  0x0000000020592000 JavaThread "C2 CompilerThread1" daemon [_thread_blocked, id=73484, stack(0x0000000020ac0000,0x0000000020bc0000)]
  0x0000000020591000 JavaThread "C2 CompilerThread0" daemon [_thread_in_vm, id=74256, stack(0x00000000209c0000,0x0000000020ac0000)]
  0x0000000020539000 JavaThread "Monitor Ctrl-Break" daemon [_thread_in_native, id=74584, stack(0x00000000208c0000,0x00000000209c0000)]
  0x000000001ebcb000 JavaThread "Attach Listener" daemon [_thread_blocked, id=36912, stack(0x000000001ffc0000,0x00000000200c0000)]
  0x000000001ebca000 JavaThread "Signal Dispatcher" daemon [_thread_blocked, id=71896, stack(0x000000001fec0000,0x000000001ffc0000)]
  0x000000001d476000 JavaThread "Finalizer" daemon [_thread_blocked, id=73880, stack(0x000000001fdc0000,0x000000001fec0000)]
  0x000000001eb53000 JavaThread "Reference Handler" daemon [_thread_blocked, id=74764, stack(0x000000001fcc0000,0x000000001fdc0000)]
  0x0000000003636800 JavaThread "main" [_thread_in_Java, id=13448, stack(0x00000000034c0000,0x00000000035c0000)]

Other Threads:
  0x000000001eb32800 VMThread [stack: 0x000000001fbc0000,0x000000001fcc0000] [id=73884]
  0x000000002071c000 WatcherThread [stack: 0x0000000020ec0000,0x0000000020fc0000] [id=28580]

VM state:not at safepoint (normal execution)

VM Mutex/Monitor currently owned by a thread: None

heap address: 0x00000006c3200000, size: 4046 MB, Compressed Oops mode: Zero based, Oop shift amount: 3
Narrow klass base: 0x0000000000000000, Narrow klass shift: 3
Compressed class space size: 1073741824 Address: 0x00000007c0000000

Heap:
 PSYoungGen      total 202240K, used 26718K [0x000000076bb80000, 0x000000077e680000, 0x00000007c0000000)
  eden space 181760K, 7% used [0x000000076bb80000,0x000000076c87a460,0x0000000776d00000)
  from space 20480K, 65% used [0x0000000776d00000,0x0000000777a1d6c0,0x0000000778100000)
  to   space 20480K, 0% used [0x000000077d280000,0x000000077d280000,0x000000077e680000)
 ParOldGen       total 100352K, used 36383K [0x00000006c3200000, 0x00000006c9400000, 0x000000076bb80000)
  object space 100352K, 36% used [0x00000006c3200000,0x00000006c5587dc8,0x00000006c9400000)
 Metaspace       used 31901K, capacity 32932K, committed 33152K, reserved 1079296K
  class space    used 3633K, capacity 3874K, committed 3968K, reserved 1048576K

Card table byte_map: [0x0000000012ce0000,0x00000000134d0000] byte_map_base: 0x000000000f6c7000

Marking Bits: (ParMarkBitMap*) 0x0000000058386d90
 Begin Bits: [0x0000000014420000, 0x0000000018358000)
 End Bits:   [0x0000000018358000, 0x000000001c290000)

Polling page: 0x0000000000de0000

CodeCache: size=245760Kb used=12657Kb max_used=13291Kb free=233102Kb
 bounds [0x0000000003920000, 0x0000000004630000, 0x0000000012920000]
 total_blobs=4111 nmethods=3566 adapters=456
 compilation: enabled

Compilation events (10 events):
Event: 159.443 Thread 0x0000000020593800 4170       1       java.util.stream.MatchOps$BooleanTerminalSink::cancellationRequested (5 bytes)
Event: 159.443 Thread 0x0000000020593800 nmethod 4170 0x0000000003f5f290 code [0x0000000003f5f3e0, 0x0000000003f5f4f0]
Event: 159.444 Thread 0x0000000020593800 4174       3       com.fasterxml.jackson.core.json.UTF8JsonGenerator::_writeStringSegment (122 bytes)
Event: 159.444 Thread 0x0000000020593800 nmethod 4174 0x00000000044cc410 code [0x00000000044cc5e0, 0x00000000044cccb8]
Event: 159.448 Thread 0x0000000020591000 4175       4       java.lang.invoke.LambdaForm$MH/440737101::linkToTargetMethod (9 bytes)
Event: 159.449 Thread 0x0000000020591000 nmethod 4175 0x0000000003c1b0d0 code [0x0000000003c1b220, 0x0000000003c1b2d8]
Event: 159.453 Thread 0x0000000020592000 4176       4       java.lang.invoke.LambdaForm$DMH/128359175::invokeStatic_L_L (14 bytes)
Event: 159.453 Thread 0x0000000020592000 nmethod 4176 0x0000000004450d90 code [0x0000000004450ee0, 0x0000000004450f88]
Event: 159.454 Thread 0x0000000020593800 4177       1       com.fasterxml.jackson.databind.util.TypeKey::hashCode (5 bytes)
Event: 159.454 Thread 0x0000000020593800 nmethod 4177 0x0000000003dbd890 code [0x0000000003dbd9e0, 0x0000000003dbdaf0]

GC Heap History (10 events):
Event: 6.008 GC heap before
{Heap before GC invocations=8 (full 1):
 PSYoungGen      total 86528K, used 64512K [0x000000076bb80000, 0x0000000776080000, 0x00000007c0000000)
  eden space 64512K, 100% used [0x000000076bb80000,0x000000076fa80000,0x000000076fa80000)
  from space 22016K, 0% used [0x0000000770f00000,0x0000000770f00000,0x0000000772480000)
  to   space 20992K, 0% used [0x000000076fa80000,0x000000076fa80000,0x0000000770f00000)
 ParOldGen       total 100352K, used 21786K [0x00000006c3200000, 0x00000006c9400000, 0x000000076bb80000)
  object space 100352K, 21% used [0x00000006c3200000,0x00000006c4746ab8,0x00000006c9400000)
 Metaspace       used 22619K, capacity 22920K, committed 23296K, reserved 1071104K
  class space    used 2425K, capacity 2512K, committed 2560K, reserved 1048576K
Event: 6.010 GC heap after
Heap after GC invocations=8 (full 1):
 PSYoungGen      total 85504K, used 4604K [0x000000076bb80000, 0x0000000775e00000, 0x00000007c0000000)
  eden space 64512K, 0% used [0x000000076bb80000,0x000000076bb80000,0x000000076fa80000)
  from space 20992K, 21% used [0x000000076fa80000,0x000000076feff1d8,0x0000000770f00000)
  to   space 21504K, 0% used [0x0000000774900000,0x0000000774900000,0x0000000775e00000)
 ParOldGen       total 100352K, used 21794K [0x00000006c3200000, 0x00000006c9400000, 0x000000076bb80000)
  object space 100352K, 21% used [0x00000006c3200000,0x00000006c4748ab8,0x00000006c9400000)
 Metaspace       used 22619K, capacity 22920K, committed 23296K, reserved 1071104K
  class space    used 2425K, capacity 2512K, committed 2560K, reserved 1048576K
}
Event: 6.665 GC heap before
{Heap before GC invocations=9 (full 1):
 PSYoungGen      total 85504K, used 69116K [0x000000076bb80000, 0x0000000775e00000, 0x00000007c0000000)
  eden space 64512K, 100% used [0x000000076bb80000,0x000000076fa80000,0x000000076fa80000)
  from space 20992K, 21% used [0x000000076fa80000,0x000000076feff1d8,0x0000000770f00000)
  to   space 21504K, 0% used [0x0000000774900000,0x0000000774900000,0x0000000775e00000)
 ParOldGen       total 100352K, used 21794K [0x00000006c3200000, 0x00000006c9400000, 0x000000076bb80000)
  object space 100352K, 21% used [0x00000006c3200000,0x00000006c4748ab8,0x00000006c9400000)
 Metaspace       used 24251K, capacity 24590K, committed 24832K, reserved 1071104K
  class space    used 2667K, capacity 2793K, committed 2816K, reserved 1048576K
Event: 6.669 GC heap after
Heap after GC invocations=9 (full 1):
 PSYoungGen      total 140800K, used 8347K [0x000000076bb80000, 0x0000000775b80000, 0x00000007c0000000)
  eden space 121856K, 0% used [0x000000076bb80000,0x000000076bb80000,0x0000000773280000)
  from space 18944K, 44% used [0x0000000774900000,0x0000000775126dc0,0x0000000775b80000)
  to   space 20992K, 0% used [0x0000000773280000,0x0000000773280000,0x0000000774700000)
 ParOldGen       total 100352K, used 21802K [0x00000006c3200000, 0x00000006c9400000, 0x000000076bb80000)
  object space 100352K, 21% used [0x00000006c3200000,0x00000006c474aab8,0x00000006c9400000)
 Metaspace       used 24251K, capacity 24590K, committed 24832K, reserved 1071104K
  class space    used 2667K, capacity 2793K, committed 2816K, reserved 1048576K
}
Event: 11.571 GC heap before
{Heap before GC invocations=10 (full 1):
 PSYoungGen      total 140800K, used 130203K [0x000000076bb80000, 0x0000000775b80000, 0x00000007c0000000)
  eden space 121856K, 100% used [0x000000076bb80000,0x0000000773280000,0x0000000773280000)
  from space 18944K, 44% used [0x0000000774900000,0x0000000775126dc0,0x0000000775b80000)
  to   space 20992K, 0% used [0x0000000773280000,0x0000000773280000,0x0000000774700000)
 ParOldGen       total 100352K, used 21802K [0x00000006c3200000, 0x00000006c9400000, 0x000000076bb80000)
  object space 100352K, 21% used [0x00000006c3200000,0x00000006c474aab8,0x00000006c9400000)
 Metaspace       used 28089K, capacity 28902K, committed 29056K, reserved 1075200K
  class space    used 3239K, capacity 3451K, committed 3456K, reserved 1048576K
Event: 11.578 GC heap after
Heap after GC invocations=10 (full 1):
 PSYoungGen      total 142848K, used 14462K [0x000000076bb80000, 0x0000000779980000, 0x00000007c0000000)
  eden space 121856K, 0% used [0x000000076bb80000,0x000000076bb80000,0x0000000773280000)
  from space 20992K, 68% used [0x0000000773280000,0x000000077409fa08,0x0000000774700000)
  to   space 21504K, 0% used [0x0000000778480000,0x0000000778480000,0x0000000779980000)
 ParOldGen       total 100352K, used 21810K [0x00000006c3200000, 0x00000006c9400000, 0x000000076bb80000)
  object space 100352K, 21% used [0x00000006c3200000,0x00000006c474cab8,0x00000006c9400000)
 Metaspace       used 28089K, capacity 28902K, committed 29056K, reserved 1075200K
  class space    used 3239K, capacity 3451K, committed 3456K, reserved 1048576K
}
Event: 39.751 GC heap before
{Heap before GC invocations=11 (full 1):
 PSYoungGen      total 142848K, used 134123K [0x000000076bb80000, 0x0000000779980000, 0x00000007c0000000)
  eden space 121856K, 98% used [0x000000076bb80000,0x000000077305b578,0x0000000773280000)
  from space 20992K, 68% used [0x0000000773280000,0x000000077409fa08,0x0000000774700000)
  to   space 21504K, 0% used [0x0000000778480000,0x0000000778480000,0x0000000779980000)
 ParOldGen       total 100352K, used 21810K [0x00000006c3200000, 0x00000006c9400000, 0x000000076bb80000)
  object space 100352K, 21% used [0x00000006c3200000,0x00000006c474cab8,0x00000006c9400000)
 Metaspace       used 31441K, capacity 32422K, committed 32640K, reserved 1077248K
  class space    used 3604K, capacity 3847K, committed 3968K, reserved 1048576K
Event: 39.757 GC heap after
Heap after GC invocations=11 (full 1):
 PSYoungGen      total 198656K, used 9940K [0x000000076bb80000, 0x0000000779500000, 0x00000007c0000000)
  eden space 181760K, 0% used [0x000000076bb80000,0x000000076bb80000,0x0000000776d00000)
  from space 16896K, 58% used [0x0000000778480000,0x0000000778e35280,0x0000000779500000)
  to   space 20480K, 0% used [0x0000000776d00000,0x0000000776d00000,0x0000000778100000)
 ParOldGen       total 100352K, used 28050K [0x00000006c3200000, 0x00000006c9400000, 0x000000076bb80000)
  object space 100352K, 27% used [0x00000006c3200000,0x00000006c4d649e0,0x00000006c9400000)
 Metaspace       used 31441K, capacity 32422K, committed 32640K, reserved 1077248K
  class space    used 3604K, capacity 3847K, committed 3968K, reserved 1048576K
}
Event: 130.726 GC heap before
{Heap before GC invocations=12 (full 1):
 PSYoungGen      total 198656K, used 191700K [0x000000076bb80000, 0x0000000779500000, 0x00000007c0000000)
  eden space 181760K, 100% used [0x000000076bb80000,0x0000000776d00000,0x0000000776d00000)
  from space 16896K, 58% used [0x0000000778480000,0x0000000778e35280,0x0000000779500000)
  to   space 20480K, 0% used [0x0000000776d00000,0x0000000776d00000,0x0000000778100000)
 ParOldGen       total 100352K, used 28050K [0x00000006c3200000, 0x00000006c9400000, 0x000000076bb80000)
  object space 100352K, 27% used [0x00000006c3200000,0x00000006c4d649e0,0x00000006c9400000)
 Metaspace       used 31742K, capacity 32774K, committed 33152K, reserved 1079296K
  class space    used 3605K, capacity 3849K, committed 3968K, reserved 1048576K
Event: 130.732 GC heap after
Heap after GC invocations=12 (full 1):
 PSYoungGen      total 202240K, used 13429K [0x000000076bb80000, 0x000000077e680000, 0x00000007c0000000)
  eden space 181760K, 0% used [0x000000076bb80000,0x000000076bb80000,0x0000000776d00000)
  from space 20480K, 65% used [0x0000000776d00000,0x0000000777a1d6c0,0x0000000778100000)
  to   space 20480K, 0% used [0x000000077d280000,0x000000077d280000,0x000000077e680000)
 ParOldGen       total 100352K, used 36383K [0x00000006c3200000, 0x00000006c9400000, 0x000000076bb80000)
  object space 100352K, 36% used [0x00000006c3200000,0x00000006c5587dc8,0x00000006c9400000)
 Metaspace       used 31742K, capacity 32774K, committed 33152K, reserved 1079296K
  class space    used 3605K, capacity 3849K, committed 3968K, reserved 1048576K
}

Deoptimization events (10 events):
Event: 137.333 Thread 0x0000000003636800 Uncommon trap: reason=unstable_if action=reinterpret pc=0x0000000004134cc4 method=java.util.regex.Pattern$Slice.match(Ljava/util/regex/Matcher;ILjava/lang/CharSequence;)Z @ 18
Event: 159.412 Thread 0x0000000003636800 Uncommon trap: reason=unstable_if action=reinterpret pc=0x0000000003cdb0fc method=jdk.internal.org.objectweb.asm.Item.isEqualTo(Ljdk/internal/org/objectweb/asm/Item;)Z @ 331
Event: 159.417 Thread 0x0000000003636800 Uncommon trap: reason=unloaded action=reinterpret pc=0x00000000042be848 method=org.aspectj.weaver.World.resolveToReferenceType(Lorg/aspectj/weaver/UnresolvedType;Z)Lorg/aspectj/weaver/ResolvedType; @ 125
Event: 159.418 Thread 0x0000000003636800 Uncommon trap: reason=class_check action=maybe_recompile pc=0x0000000004153efc method=org.aspectj.weaver.bcel.BcelObjectType.getSuperclass()Lorg/aspectj/weaver/ResolvedType; @ 71
Event: 159.419 Thread 0x0000000003636800 Uncommon trap: reason=class_check action=maybe_recompile pc=0x000000000429cb8c method=org.aspectj.weaver.bcel.BcelObjectType.getSuperclass()Lorg/aspectj/weaver/ResolvedType; @ 16
Event: 159.419 Thread 0x0000000003636800 Uncommon trap: reason=class_check action=maybe_recompile pc=0x000000000429cb8c method=org.aspectj.weaver.bcel.BcelObjectType.getSuperclass()Lorg/aspectj/weaver/ResolvedType; @ 16
Event: 159.419 Thread 0x0000000003636800 Uncommon trap: reason=class_check action=maybe_recompile pc=0x000000000429cb8c method=org.aspectj.weaver.bcel.BcelObjectType.getSuperclass()Lorg/aspectj/weaver/ResolvedType; @ 16
Event: 159.419 Thread 0x0000000003636800 Uncommon trap: reason=class_check action=maybe_recompile pc=0x0000000003aba480 method=org.aspectj.weaver.bcel.BcelObjectType.getSuperclass()Lorg/aspectj/weaver/ResolvedType; @ 16
Event: 159.419 Thread 0x0000000003636800 Uncommon trap: reason=class_check action=maybe_recompile pc=0x000000000431e86c method=org.aspectj.weaver.bcel.BcelObjectType.getSuperclass()Lorg/aspectj/weaver/ResolvedType; @ 16
Event: 159.419 Thread 0x0000000003636800 Uncommon trap: reason=class_check action=maybe_recompile pc=0x0000000004153f28 method=org.aspectj.weaver.bcel.BcelObjectType.getSuperclass()Lorg/aspectj/weaver/ResolvedType; @ 16

Classes redefined (0 events):
No events

Internal exceptions (10 events):
Event: 136.774 Thread 0x0000000003636800 Exception <a 'sun/nio/fs/WindowsException'> (0x000000076bc65328) thrown at [C:\re\workspace\8-2-build-windows-amd64-cygwin\jdk8u231\13620\hotspot\src\share\vm\prims\jni.cpp, line 710]
Event: 159.407 Thread 0x0000000003636800 Exception <a 'java/lang/NoSuchMethodError': java.lang.Object.lambda$comparingInt$7b0bb60$1(Ljava/util/function/ToIntFunction;Ljava/lang/Object;Ljava/lang/Object;)I> (0x000000076bdb4fc8) thrown at [C:\re\workspace\8-2-build-windows-amd64-cygwin\jdk8u231\13
Event: 159.412 Thread 0x0000000003636800 Exception <a 'java/lang/reflect/InvocationTargetException'> (0x000000076be15e18) thrown at [C:\re\workspace\8-2-build-windows-amd64-cygwin\jdk8u231\13620\hotspot\src\share\vm\runtime\reflection.cpp, line 1092]
Event: 159.412 Thread 0x0000000003636800 Exception <a 'sun/nio/fs/WindowsException'> (0x000000076be3daf0) thrown at [C:\re\workspace\8-2-build-windows-amd64-cygwin\jdk8u231\13620\hotspot\src\share\vm\prims\jni.cpp, line 710]
Event: 159.420 Thread 0x0000000003636800 Exception <a 'java/lang/NoClassDefFoundError': junit/framework/ComparisonFailure> (0x000000076bee5078) thrown at [C:\re\workspace\8-2-build-windows-amd64-cygwin\jdk8u231\13620\hotspot\src\share\vm\classfile\systemDictionary.cpp, line 199]
Event: 159.420 Thread 0x0000000003636800 Exception <a 'java/lang/NoClassDefFoundError'> (0x000000076bee5078) thrown at [C:\re\workspace\8-2-build-windows-amd64-cygwin\jdk8u231\13620\hotspot\src\share\vm\prims\jvm.cpp, line 1506]
Event: 159.433 Thread 0x0000000003636800 Exception <a 'sun/nio/fs/WindowsException'> (0x000000076c59f828) thrown at [C:\re\workspace\8-2-build-windows-amd64-cygwin\jdk8u231\13620\hotspot\src\share\vm\prims\jni.cpp, line 710]
Event: 159.443 Thread 0x0000000003636800 Exception <a 'sun/nio/fs/WindowsException'> (0x000000076c609c10) thrown at [C:\re\workspace\8-2-build-windows-amd64-cygwin\jdk8u231\13620\hotspot\src\share\vm\prims\jni.cpp, line 710]
Event: 159.448 Thread 0x0000000003636800 Exception <a 'sun/nio/fs/WindowsException'> (0x000000076c659ef8) thrown at [C:\re\workspace\8-2-build-windows-amd64-cygwin\jdk8u231\13620\hotspot\src\share\vm\prims\jni.cpp, line 710]
Event: 159.453 Thread 0x0000000003636800 Exception <a 'sun/nio/fs/WindowsException'> (0x000000076c697350) thrown at [C:\re\workspace\8-2-build-windows-amd64-cygwin\jdk8u231\13620\hotspot\src\share\vm\prims\jni.cpp, line 710]

Events (10 events):
Event: 159.449 loading class com/fasterxml/jackson/databind/ser/impl/PropertySerializerMap$Multi
Event: 159.449 loading class com/fasterxml/jackson/databind/ser/impl/PropertySerializerMap$Multi done
Event: 159.452 loading class org/testng/ITestClass
Event: 159.452 loading class org/testng/ITestClass done
Event: 159.452 loading class io/qameta/allure/testng/AllureTestNg
Event: 159.452 loading class io/qameta/allure/testng/AllureTestNg done
Event: 159.452 loading class io/qameta/allure/testng/AllureTestNg
Event: 159.453 loading class io/qameta/allure/testng/AllureTestNg done
Event: 159.454 loading class org/testng/SuiteResult
Event: 159.454 loading class org/testng/SuiteResult done


Dynamic libraries:
0x00007ff72bfd0000 - 0x00007ff72c007000 	C:\Program Files\Java\jdk1.8.0_231\bin\java.exe
0x00007ffac27f0000 - 0x00007ffac29dd000 	C:\Windows\SYSTEM32\ntdll.dll
0x00007ffac2020000 - 0x00007ffac20d3000 	C:\Windows\System32\KERNEL32.DLL
0x00007ffabf330000 - 0x00007ffabf5c5000 	C:\Windows\System32\KERNELBASE.dll
0x00007ffac2710000 - 0x00007ffac27b3000 	C:\Windows\System32\ADVAPI32.dll
0x00007ffabf850000 - 0x00007ffabf8ee000 	C:\Windows\System32\msvcrt.dll
0x00007ffac2300000 - 0x00007ffac239e000 	C:\Windows\System32\sechost.dll
0x00007ffac1ef0000 - 0x00007ffac2012000 	C:\Windows\System32\RPCRT4.dll
0x00007ffac24a0000 - 0x00007ffac2637000 	C:\Windows\System32\USER32.dll
0x00007ffabef30000 - 0x00007ffabef50000 	C:\Windows\System32\win32u.dll
0x00007ffac1930000 - 0x00007ffac1959000 	C:\Windows\System32\GDI32.dll
0x00007ffabf060000 - 0x00007ffabf1fa000 	C:\Windows\System32\gdi32full.dll
0x00007ffabf6b0000 - 0x00007ffabf750000 	C:\Windows\System32\msvcp_win.dll
0x00007ffabef60000 - 0x00007ffabf05a000 	C:\Windows\System32\ucrtbase.dll
0x00007ffab0120000 - 0x00007ffab0399000 	C:\Windows\WinSxS\amd64_microsoft.windows.common-controls_6595b64144ccf1df_6.0.17763.1282_none_de75b6f253473c0f\COMCTL32.dll
0x00007ffac1aa0000 - 0x00007ffac1dcc000 	C:\Windows\System32\combase.dll
0x00007ffabe580000 - 0x00007ffabe5fe000 	C:\Windows\System32\bcryptPrimitives.dll
0x00007ffac2170000 - 0x00007ffac219e000 	C:\Windows\System32\IMM32.DLL
0x0000000058d50000 - 0x0000000058d5a000 	C:\Program Files (x86)\360\360safe\safemon\SafeWrapper.dll
0x00007ffabe150000 - 0x00007ffabe2d3000 	C:\Program Files (x86)\360\360safe\safemon\CHFrame64.dll
0x00007ffabfaa0000 - 0x00007ffac0f98000 	C:\Windows\System32\SHELL32.dll
0x00007ffabf5d0000 - 0x00007ffabf61a000 	C:\Windows\System32\cfgmgr32.dll
0x00007ffac1110000 - 0x00007ffac11b8000 	C:\Windows\System32\shcore.dll
0x00007ffabe600000 - 0x00007ffabed4f000 	C:\Windows\System32\windows.storage.dll
0x00007ffabe550000 - 0x00007ffabe574000 	C:\Windows\System32\profapi.dll
0x00007ffabf2d0000 - 0x00007ffabf32d000 	C:\Windows\System32\powrprof.dll
0x00007ffac1a40000 - 0x00007ffac1a92000 	C:\Windows\System32\shlwapi.dll
0x00007ffabe4e0000 - 0x00007ffabe4f1000 	C:\Windows\System32\kernel.appcore.dll
0x00007ffabf750000 - 0x00007ffabf767000 	C:\Windows\System32\cryptsp.dll
0x00007ffac11c0000 - 0x00007ffac1315000 	C:\Windows\System32\ole32.dll
0x00007ffac2640000 - 0x00007ffac2704000 	C:\Windows\System32\OLEAUT32.dll
0x00007ffac21a0000 - 0x00007ffac21a8000 	C:\Windows\System32\PSAPI.DLL
0x00007ffac19d0000 - 0x00007ffac1a3d000 	C:\Windows\System32\WS2_32.dll
0x00007ffabe140000 - 0x00007ffabe14a000 	C:\Windows\SYSTEM32\VERSION.dll
0x00007ffabed50000 - 0x00007ffabef2c000 	C:\Windows\System32\crypt32.dll
0x00007ffabe530000 - 0x00007ffabe542000 	C:\Windows\System32\MSASN1.dll
0x0000000058450000 - 0x0000000058522000 	C:\Program Files\Java\jdk1.8.0_231\jre\bin\msvcr100.dll
0x0000000057b60000 - 0x0000000058406000 	C:\Program Files\Java\jdk1.8.0_231\jre\bin\server\jvm.dll
0x00007ffabf680000 - 0x00007ffabf6a4000 	C:\Windows\System32\WINMM.dll
0x00007ffabe500000 - 0x00007ffabe52d000 	C:\Windows\System32\WINMMBASE.dll
0x00007ffab8d20000 - 0x00007ffab8d29000 	C:\Windows\SYSTEM32\WSOCK32.dll
0x00007ffab6010000 - 0x00007ffab601f000 	C:\Program Files\Java\jdk1.8.0_231\jre\bin\verify.dll
0x00007ffaaf410000 - 0x00007ffaaf439000 	C:\Program Files\Java\jdk1.8.0_231\jre\bin\java.dll
0x00007ffab5e10000 - 0x00007ffab5e33000 	C:\Program Files\Java\jdk1.8.0_231\jre\bin\instrument.dll
0x00007ffab1310000 - 0x00007ffab1326000 	C:\Program Files\Java\jdk1.8.0_231\jre\bin\zip.dll
0x00007ffab1280000 - 0x00007ffab129a000 	D:\IntelliJ IDEA 2019.2.4\bin\breakgen64.dll
0x00007ffab08d0000 - 0x00007ffab08ea000 	C:\Program Files\Java\jdk1.8.0_231\jre\bin\net.dll
0x00007ffabd660000 - 0x00007ffabd6c7000 	C:\Windows\system32\mswsock.dll
0x00007ffab0840000 - 0x00007ffab0864000 	C:\Program Files\Java\jdk1.8.0_231\jre\bin\sunec.dll
0x00007ffabd390000 - 0x00007ffabd3cd000 	C:\Windows\SYSTEM32\IPHLPAPI.DLL
0x00007ffac19c0000 - 0x00007ffac19c8000 	C:\Windows\System32\NSI.dll
0x00007ffab9550000 - 0x00007ffab9566000 	C:\Windows\SYSTEM32\dhcpcsvc6.DLL
0x00007ffab9530000 - 0x00007ffab954c000 	C:\Windows\SYSTEM32\dhcpcsvc.DLL
0x00007ffabd3d0000 - 0x00007ffabd497000 	C:\Windows\SYSTEM32\DNSAPI.dll
0x00007ffaafc70000 - 0x00007ffaafc82000 	C:\Program Files\Java\jdk1.8.0_231\jre\bin\nio.dll
0x00007ffabd1f0000 - 0x00007ffabd223000 	C:\Windows\system32\rsaenh.dll
0x00007ffabf770000 - 0x00007ffabf796000 	C:\Windows\System32\bcrypt.dll
0x00007ffabe3d0000 - 0x00007ffabe3f8000 	C:\Windows\SYSTEM32\USERENV.dll
0x00007ffabd830000 - 0x00007ffabd83c000 	C:\Windows\SYSTEM32\CRYPTBASE.dll
0x00007ffab72f0000 - 0x00007ffab72fb000 	C:\Program Files\Java\jdk1.8.0_231\jre\bin\sunmscapi.dll
0x00007ffab8110000 - 0x00007ffab811a000 	C:\Windows\System32\rasadhlp.dll
0x00007ffab9210000 - 0x00007ffab9289000 	C:\Windows\System32\fwpuclnt.dll
0x00007ffab8da0000 - 0x00007ffab8db6000 	C:\Windows\system32\napinsp.dll
0x00007ffab8d80000 - 0x00007ffab8d9a000 	C:\Windows\system32\pnrpnsp.dll
0x00007ffab8d70000 - 0x00007ffab8d7e000 	C:\Windows\System32\winrnr.dll
0x00007ffabac30000 - 0x00007ffabac4b000 	C:\Windows\system32\NLAapi.dll
0x00007ffab8d50000 - 0x00007ffab8d65000 	C:\Windows\system32\wshbth.dll
0x00007ffabad00000 - 0x00007ffabad0d000 	C:\Program Files\Java\jdk1.8.0_231\jre\bin\management.dll
0x00007ffa92af0000 - 0x00007ffa92c8a000 	C:\Program Files\Java\jdk1.8.0_231\jre\bin\awt.dll
0x00007ffabc2a0000 - 0x00007ffabc32c000 	C:\Windows\SYSTEM32\apphelp.dll
0x00007ffaaf180000 - 0x00007ffaaf1c2000 	C:\Users\sunxueping-jk\AppData\Local\Temp\jna--1023398720\jna7102362172972441268.dll
0x00007ffa92670000 - 0x00007ffa9292c000 	C:\Users\SUNXUE~1\AppData\Local\Temp\tess4j\win32-x86-64\libtesseract410.dll
0x00007ffa915d0000 - 0x00007ffa91985000 	C:\Users\SUNXUE~1\AppData\Local\Temp\tess4j\win32-x86-64\liblept1780.dll
0x00007ffa8f780000 - 0x00007ffa8f81b000 	C:\Windows\SYSTEM32\MSVCP140.dll
0x00007ffab8d30000 - 0x00007ffab8d45000 	C:\Windows\SYSTEM32\VCRUNTIME140.dll

VM Arguments:
jvm_args: -ea -Dorg.uncommons.reportng.escape-output=false -javaagent:C:\Users\sunxueping-jk\.m2\repository/org/aspectj/aspectjweaver/1.8.10/aspectjweaver-1.8.10.jar -Didea.test.cyclic.buffer.size=1048576 -javaagent:D:\IntelliJ IDEA 2019.2.4\lib\idea_rt.jar=60743:D:\IntelliJ IDEA 2019.2.4\bin -Dfile.encoding=UTF-8 
java_command: org.testng.RemoteTestNGStarter -usedefaultlisteners false -socket60742 @w@C:\Users\sunxueping-jk\AppData\Local\Temp\idea_working_dirs_testng.tmp -temp C:\Users\sunxueping-jk\AppData\Local\Temp\idea_testng.tmp
java_class_path (initial): D:\IntelliJ IDEA 2019.2.4\lib\idea_rt.jar;D:\IntelliJ IDEA 2019.2.4\plugins\testng\lib\testng-plugin.jar;C:\Program Files\Java\jdk1.8.0_231\jre\lib\charsets.jar;C:\Program Files\Java\jdk1.8.0_231\jre\lib\deploy.jar;C:\Program Files\Java\jdk1.8.0_231\jre\lib\ext\access-bridge-64.jar;C:\Program Files\Java\jdk1.8.0_231\jre\lib\ext\cldrdata.jar;C:\Program Files\Java\jdk1.8.0_231\jre\lib\ext\dnsns.jar;C:\Program Files\Java\jdk1.8.0_231\jre\lib\ext\jaccess.jar;C:\Program Files\Java\jdk1.8.0_231\jre\lib\ext\jfxrt.jar;C:\Program Files\Java\jdk1.8.0_231\jre\lib\ext\localedata.jar;C:\Program Files\Java\jdk1.8.0_231\jre\lib\ext\nashorn.jar;C:\Program Files\Java\jdk1.8.0_231\jre\lib\ext\sunec.jar;C:\Program Files\Java\jdk1.8.0_231\jre\lib\ext\sunjce_provider.jar;C:\Program Files\Java\jdk1.8.0_231\jre\lib\ext\sunmscapi.jar;C:\Program Files\Java\jdk1.8.0_231\jre\lib\ext\sunpkcs11.jar;C:\Program Files\Java\jdk1.8.0_231\jre\lib\ext\zipfs.jar;C:\Program Files\Java\jdk1.8.0_231\jre\lib\javaws.jar;C:\Program Files\Java\jdk1.8.0_231\jre\lib\jce.jar;C:\Program Files\Java\jdk1.8.0_231\jre\lib\jfr.jar;C:\Program Files\Java\jdk1.8.0_231\jre\lib\jfxswt.jar;C:\Program Files\Java\jdk1.8.0_231\jre\lib\jsse.jar;C:\Program Files\Java\jdk1.8.0_231\jre\lib\management-agent.jar;C:\Program Files\Java\jdk1.8.0_231\jre\lib\plugin.jar;C:\Program Files\Java\jdk1.8.0_231\jre\lib\resources.jar;C:\Program Files\Java\jdk1.8.0_231\jre\lib\rt.jar;D:\selenium\baoxianUITest\target\test-classes;D:\selenium\baoxianUITest\target\classes;C:\Users\sunxueping-jk\.m2\repository\xml-apis\xml-apis\1.4.01\xml-apis-1.4.01.jar;C:\Users\sunxueping-jk\.m2\repository\org\jodd\jodd-http\3.7.1\jodd-http-3.7.1.jar;C:\Users\sunxueping-jk\.m2\repository\org\jodd\jodd-core\3.7.1\jodd-core-3.7.1.jar;C:\Users\sunxueping-jk\.m2\repository\org\jodd\jodd-upload\3.7.1\jodd-upload-3.7.1.jar;C:\Users\sunxueping-jk\.m2\repository\com\relevantcodes\extentreports\2.40.2\extentreports-2.40.2.jar;C:\Users\sunxueping
Launcher Type: SUN_STANDARD

Environment Variables:
JAVA_HOME=C:\Program Files\Java\jdk1.8.0_231
CLASSPATH=D:\apache-jmeter-5.2\lib\ext\ApacheJMeter_core.jar;D:\apache-jmeter-5.2\lib\jorphan.jar;D:\apache-jmeter-5.2\lib\logkit-2.0.jar;
PATH=D:\软件安装\xshell\;C:\Program Files (x86)\Common Files\Oracle\Java\javapath;C:\Windows\system32;C:\Windows;C:\Windows\System32\Wbem;C:\Windows\System32\WindowsPowerShell\v1.0\;C:\Windows\System32\OpenSSH\;C:\Program Files (x86)\Intel\Intel(R) Management Engine Components\DAL;C:\Program Files\Intel\Intel(R) Management Engine Components\DAL;D:\Git\cmd;D:\软件安装\apache-tomcat-8.5.47-windows-x64\apache-tomcat-8.5.47\bin;C:\Program Files\Java\jdk1.8.0_231\bin;C:\Program Files\Java\jdk1.8.0_231\jre\bin;D:\软件安装\mysql-8.0.18-winx64\bin;D:\Android\android-sdk\platform-tools;D:\Android\android-sdk\tools;%APPIUM_HOME%;%APPIUM_HOME%\node_modules\.bin;C:\Program Files\nodejs\;D:\apktool;D:\apache-maven-3.6.0\bin;D:\apache-maven-3.6.0\bin;D:\groovy-3.0.3\bin;C:\Users\sunxueping-jk\AppData\Local\Programs\Python\Python38\Scripts\;C:\Users\sunxueping-jk\AppData\Local\Programs\Python\Python38\;C:\Users\sunxueping-jk\.windows-build-tools\python27\;C:\Users\sunxueping-jk\AppData\Local\Programs\Python\Python37\Scripts\;C:\Users\sunxueping-jk\AppData\Local\Programs\Python\Python37\;C:\Users\sunxueping-jk\AppData\Local\Microsoft\WindowsApps;D:\软件安装\Fiddler;C:\Users\sunxueping-jk\AppData\Roaming\npm;C:\Users\sunxueping-jk\AppData\Local\BypassRuntm;
USERNAME=sunxueping-jk
OS=Windows_NT
PROCESSOR_IDENTIFIER=Intel64 Family 6 Model 158 Stepping 10, GenuineIntel



---------------  S Y S T E M  ---------------

OS: Windows 10.0 , 64 bit Build 17763 (10.0.17763.1158)

CPU:total 12 (initial active 12) (6 cores per cpu, 2 threads per core) family 6 model 158 stepping 10, cmov, cx8, fxsr, mmx, sse, sse2, sse3, ssse3, sse4.1, sse4.2, popcnt, avx, avx2, aes, clmul, erms, rtm, 3dnowpref, lzcnt, ht, tsc, tscinvbit, bmi1, bmi2, adx

Memory: 4k page, physical 16568616k(2176796k free), swap 31117732k(5120k free)

vm_info: Java HotSpot(TM) 64-Bit Server VM (25.231-b11) for windows-amd64 JRE (1.8.0_231-b11), built on Oct  5 2019 03:11:30 by "java_re" with MS VC++ 10.0 (VS2010)

time: Fri Jul 10 17:43:30 2020
timezone: 中国标准时间
elapsed time: 159 seconds (0d 0h 2m 39s)

