#
# There is insufficient memory for the Java Runtime Environment to continue.
# Native memory allocation (malloc) failed to allocate 131088 bytes for Chunk::new
# Possible reasons:
#   The system is out of physical RAM or swap space
#   The process is running with CompressedOops enabled, and the Java Heap may be blocking the growth of the native heap
# Possible solutions:
#   Reduce memory load on the system
#   Increase physical memory or swap space
#   Check if swap backing store is full
#   Decrease Java heap size (-Xmx/-Xms)
#   Decrease number of Java threads
#   Decrease Java thread stack sizes (-Xss)
#   Set larger code cache with -XX:ReservedCodeCacheSize=
#   JVM is running with Zero Based Compressed Oops mode in which the Java heap is
#     placed in the first 32GB address space. The Java Heap base address is the
#     maximum limit for the native heap growth. Please use -XX:HeapBaseMinAddress
#     to set the Java Heap base and to place the Java Heap above 32GB virtual address.
# This output file may be truncated or incomplete.
#
#  Out of Memory Error (allocation.cpp:389), pid=68156, tid=0x000000000000f53c
#
# JRE version: Java(TM) SE Runtime Environment (8.0_231-b11) (build 1.8.0_231-b11)
# Java VM: Java HotSpot(TM) 64-Bit Server VM (25.231-b11 mixed mode windows-amd64 compressed oops)
# Failed to write core dump. Minidumps are not enabled by default on client versions of Windows
#

---------------  T H R E A D  ---------------

Current thread (0x000000001fc8a000):  JavaThread "C2 CompilerThread0" daemon [_thread_in_native, id=62780, stack(0x0000000020110000,0x0000000020210000)]

Stack: [0x0000000020110000,0x0000000020210000]
[error occurred during error reporting (printing stack bounds), id 0xc0000005]

Native frames: (J=compiled Java code, j=interpreted, Vv=VM code, C=native code)


Current CompileTask:
C2: 269376 4502   !   4       org.aspectj.weaver.ReferenceType::getSuperclass (170 bytes)


---------------  P R O C E S S  ---------------

Java Threads: ( => current thread )
  0x0000000022bbb000 JavaThread "Java2D Disposer" daemon [_thread_blocked, id=67660, stack(0x0000000025320000,0x0000000025420000)]
  0x00000000212ef000 JavaThread "Okio Watchdog" daemon [_thread_blocked, id=67456, stack(0x0000000025020000,0x0000000025120000)]
  0x00000000212ee800 JavaThread "OkHttp ConnectionPool" daemon [_thread_blocked, id=69484, stack(0x0000000024f20000,0x0000000025020000)]
  0x00000000232e9800 JavaThread "Exec Stream Pumper" daemon [_thread_in_native, id=70844, stack(0x0000000024a20000,0x0000000024b20000)]
  0x0000000022dd3000 JavaThread "Exec Stream Pumper" daemon [_thread_in_native, id=71080, stack(0x0000000024920000,0x0000000024a20000)]
  0x0000000020f4e000 JavaThread "Exec Default Executor" daemon [_thread_in_native, id=68648, stack(0x0000000024450000,0x0000000024550000)]
  0x000000001fd91000 JavaThread "Service Thread" daemon [_thread_blocked, id=63368, stack(0x0000000020510000,0x0000000020610000)]
  0x000000001fcbf000 JavaThread "C1 CompilerThread3" daemon [_thread_blocked, id=65736, stack(0x0000000020410000,0x0000000020510000)]
  0x000000001fcbe000 JavaThread "C2 CompilerThread2" daemon [_thread_blocked, id=70120, stack(0x0000000020310000,0x0000000020410000)]
  0x000000001fc8b000 JavaThread "C2 CompilerThread1" daemon [_thread_blocked, id=63224, stack(0x0000000020210000,0x0000000020310000)]
=>0x000000001fc8a000 JavaThread "C2 CompilerThread0" daemon [_thread_in_native, id=62780, stack(0x0000000020110000,0x0000000020210000)]
  0x000000001fc5e800 JavaThread "Monitor Ctrl-Break" daemon [_thread_in_native, id=68544, stack(0x0000000020010000,0x0000000020110000)]
  0x000000001e2bb800 JavaThread "Attach Listener" daemon [_thread_blocked, id=66808, stack(0x000000001f710000,0x000000001f810000)]
  0x000000001e267000 JavaThread "Signal Dispatcher" daemon [_thread_blocked, id=52296, stack(0x000000001f610000,0x000000001f710000)]
  0x000000001cb76000 JavaThread "Finalizer" daemon [_thread_blocked, id=70652, stack(0x000000001f4b0000,0x000000001f5b0000)]
  0x000000001e243000 JavaThread "Reference Handler" daemon [_thread_blocked, id=64248, stack(0x000000001f3b0000,0x000000001f4b0000)]
  0x0000000002d56800 JavaThread "main" [_thread_in_native, id=55624, stack(0x0000000002c50000,0x0000000002d50000)]

Other Threads:
  0x000000001e222800 VMThread [stack: 0x000000001f2b0000,0x000000001f3b0000] [id=64220]
  0x000000001fe53800 WatcherThread [stack: 0x0000000020610000,0x0000000020710000] [id=68372]

VM state:not at safepoint (normal execution)

VM Mutex/Monitor currently owned by a thread: None

heap address: 0x00000006c3200000, size: 4046 MB, Compressed Oops mode: Zero based, Oop shift amount: 3
Narrow klass base: 0x0000000000000000, Narrow klass shift: 3
Compressed class space size: 1073741824 Address: 0x00000007c0000000

Heap:
 PSYoungGen      total 210944K, used 14164K [0x000000076bb80000, 0x000000077fd00000, 0x00000007c0000000)
  eden space 189952K, 6% used [0x000000076bb80000,0x000000076c70e618,0x0000000777500000)
  from space 20992K, 11% used [0x0000000777500000,0x0000000777746a10,0x0000000778980000)
  to   space 21504K, 0% used [0x000000077e800000,0x000000077e800000,0x000000077fd00000)
 ParOldGen       total 97792K, used 35460K [0x00000006c3200000, 0x00000006c9180000, 0x000000076bb80000)
  object space 97792K, 36% used [0x00000006c3200000,0x00000006c54a12b8,0x00000006c9180000)
 Metaspace       used 32006K, capacity 32983K, committed 33024K, reserved 1079296K
  class space    used 3586K, capacity 3821K, committed 3840K, reserved 1048576K

Card table byte_map: [0x00000000123e0000,0x0000000012bd0000] byte_map_base: 0x000000000edc7000

Marking Bits: (ParMarkBitMap*) 0x0000000056616d90
 Begin Bits: [0x0000000013b20000, 0x0000000017a58000)
 End Bits:   [0x0000000017a58000, 0x000000001b990000)

Polling page: 0x0000000000e40000

CodeCache: size=245760Kb used=13374Kb max_used=13462Kb free=232385Kb
 bounds [0x0000000003020000, 0x0000000003d70000, 0x0000000012020000]
 total_blobs=4391 nmethods=3850 adapters=453
 compilation: enabled

Compilation events (10 events):
Event: 269.352 Thread 0x000000001fcbf000 nmethod 4497 0x00000000039858d0 code [0x0000000003985aa0, 0x0000000003986218]
Event: 269.352 Thread 0x000000001fcbf000 4498  s    3       java.io.BufferedOutputStream::write (67 bytes)
Event: 269.352 Thread 0x000000001fc8b000 nmethod 4499 0x0000000003608790 code [0x00000000036088c0, 0x00000000036089f8]
Event: 269.352 Thread 0x000000001fcbf000 nmethod 4498 0x0000000003bbfe50 code [0x0000000003bc0020, 0x0000000003bc0878]
Event: 269.357 Thread 0x000000001fcbe000 nmethod 4500 0x0000000003475cd0 code [0x0000000003475e40, 0x0000000003476798]
Event: 269.360 Thread 0x000000001fcbf000 4501   !   3       org.aspectj.weaver.World::resolve (293 bytes)
Event: 269.361 Thread 0x000000001fcbf000 nmethod 4501 0x0000000003ac2490 code [0x0000000003ac2860, 0x0000000003ac4c88]
Event: 269.368 Thread 0x000000001fc8a000 4502   !   4       org.aspectj.weaver.ReferenceType::getSuperclass (170 bytes)
Event: 269.373 Thread 0x000000001fc8b000 4503   !   4       org.aspectj.apache.bcel.classfile.Utility::typeOfSignature (204 bytes)
Event: 269.374 Thread 0x000000001fc8b000 nmethod 4503 0x0000000003509e90 code [0x000000000350a0e0, 0x000000000350a1f8]

GC Heap History (10 events):
Event: 6.322 GC heap before
{Heap before GC invocations=8 (full 1):
 PSYoungGen      total 86528K, used 64512K [0x000000076bb80000, 0x0000000776080000, 0x00000007c0000000)
  eden space 64512K, 100% used [0x000000076bb80000,0x000000076fa80000,0x000000076fa80000)
  from space 22016K, 0% used [0x0000000770f00000,0x0000000770f00000,0x0000000772480000)
  to   space 20992K, 0% used [0x000000076fa80000,0x000000076fa80000,0x0000000770f00000)
 ParOldGen       total 97792K, used 21789K [0x00000006c3200000, 0x00000006c9180000, 0x000000076bb80000)
  object space 97792K, 22% used [0x00000006c3200000,0x00000006c4747430,0x00000006c9180000)
 Metaspace       used 22528K, capacity 22826K, committed 23040K, reserved 1069056K
  class space    used 2408K, capacity 2503K, committed 2560K, reserved 1048576K
Event: 6.324 GC heap after
Heap after GC invocations=8 (full 1):
 PSYoungGen      total 85504K, used 4812K [0x000000076bb80000, 0x0000000776000000, 0x00000007c0000000)
  eden space 64512K, 0% used [0x000000076bb80000,0x000000076bb80000,0x000000076fa80000)
  from space 20992K, 22% used [0x000000076fa80000,0x000000076ff331e0,0x0000000770f00000)
  to   space 21504K, 0% used [0x0000000774b00000,0x0000000774b00000,0x0000000776000000)
 ParOldGen       total 97792K, used 21797K [0x00000006c3200000, 0x00000006c9180000, 0x000000076bb80000)
  object space 97792K, 22% used [0x00000006c3200000,0x00000006c4749430,0x00000006c9180000)
 Metaspace       used 22528K, capacity 22826K, committed 23040K, reserved 1069056K
  class space    used 2408K, capacity 2503K, committed 2560K, reserved 1048576K
}
Event: 7.014 GC heap before
{Heap before GC invocations=9 (full 1):
 PSYoungGen      total 85504K, used 69324K [0x000000076bb80000, 0x0000000776000000, 0x00000007c0000000)
  eden space 64512K, 100% used [0x000000076bb80000,0x000000076fa80000,0x000000076fa80000)
  from space 20992K, 22% used [0x000000076fa80000,0x000000076ff331e0,0x0000000770f00000)
  to   space 21504K, 0% used [0x0000000774b00000,0x0000000774b00000,0x0000000776000000)
 ParOldGen       total 97792K, used 21797K [0x00000006c3200000, 0x00000006c9180000, 0x000000076bb80000)
  object space 97792K, 22% used [0x00000006c3200000,0x00000006c4749430,0x00000006c9180000)
 Metaspace       used 24187K, capacity 24498K, committed 24832K, reserved 1071104K
  class space    used 2650K, capacity 2721K, committed 2816K, reserved 1048576K
Event: 7.017 GC heap after
Heap after GC invocations=9 (full 1):
 PSYoungGen      total 143872K, used 8294K [0x000000076bb80000, 0x0000000775e00000, 0x00000007c0000000)
  eden space 124416K, 0% used [0x000000076bb80000,0x000000076bb80000,0x0000000773500000)
  from space 19456K, 42% used [0x0000000774b00000,0x0000000775319b68,0x0000000775e00000)
  to   space 20992K, 0% used [0x0000000773500000,0x0000000773500000,0x0000000774980000)
 ParOldGen       total 97792K, used 21805K [0x00000006c3200000, 0x00000006c9180000, 0x000000076bb80000)
  object space 97792K, 22% used [0x00000006c3200000,0x00000006c474b430,0x00000006c9180000)
 Metaspace       used 24187K, capacity 24498K, committed 24832K, reserved 1071104K
  class space    used 2650K, capacity 2721K, committed 2816K, reserved 1048576K
}
Event: 12.540 GC heap before
{Heap before GC invocations=10 (full 1):
 PSYoungGen      total 143872K, used 132710K [0x000000076bb80000, 0x0000000775e00000, 0x00000007c0000000)
  eden space 124416K, 100% used [0x000000076bb80000,0x0000000773500000,0x0000000773500000)
  from space 19456K, 42% used [0x0000000774b00000,0x0000000775319b68,0x0000000775e00000)
  to   space 20992K, 0% used [0x0000000773500000,0x0000000773500000,0x0000000774980000)
 ParOldGen       total 97792K, used 21805K [0x00000006c3200000, 0x00000006c9180000, 0x000000076bb80000)
  object space 97792K, 22% used [0x00000006c3200000,0x00000006c474b430,0x00000006c9180000)
 Metaspace       used 28380K, capacity 29248K, committed 29312K, reserved 1075200K
  class space    used 3243K, capacity 3444K, committed 3456K, reserved 1048576K
Event: 12.547 GC heap after
Heap after GC invocations=10 (full 1):
 PSYoungGen      total 145408K, used 14437K [0x000000076bb80000, 0x000000077a100000, 0x00000007c0000000)
  eden space 124416K, 0% used [0x000000076bb80000,0x000000076bb80000,0x0000000773500000)
  from space 20992K, 68% used [0x0000000773500000,0x0000000774319758,0x0000000774980000)
  to   space 21504K, 0% used [0x0000000778c00000,0x0000000778c00000,0x000000077a100000)
 ParOldGen       total 97792K, used 21813K [0x00000006c3200000, 0x00000006c9180000, 0x000000076bb80000)
  object space 97792K, 22% used [0x00000006c3200000,0x00000006c474d430,0x00000006c9180000)
 Metaspace       used 28380K, capacity 29248K, committed 29312K, reserved 1075200K
  class space    used 3243K, capacity 3444K, committed 3456K, reserved 1048576K
}
Event: 58.500 GC heap before
{Heap before GC invocations=11 (full 1):
 PSYoungGen      total 145408K, used 138109K [0x000000076bb80000, 0x000000077a100000, 0x00000007c0000000)
  eden space 124416K, 99% used [0x000000076bb80000,0x0000000773445d80,0x0000000773500000)
  from space 20992K, 68% used [0x0000000773500000,0x0000000774319758,0x0000000774980000)
  to   space 21504K, 0% used [0x0000000778c00000,0x0000000778c00000,0x000000077a100000)
 ParOldGen       total 97792K, used 21813K [0x00000006c3200000, 0x00000006c9180000, 0x000000076bb80000)
  object space 97792K, 22% used [0x00000006c3200000,0x00000006c474d430,0x00000006c9180000)
 Metaspace       used 30433K, capacity 31280K, committed 31616K, reserved 1077248K
  class space    used 3427K, capacity 3642K, committed 3712K, reserved 1048576K
Event: 58.505 GC heap after
Heap after GC invocations=11 (full 1):
 PSYoungGen      total 208384K, used 8676K [0x000000076bb80000, 0x0000000779e00000, 0x00000007c0000000)
  eden space 189952K, 0% used [0x000000076bb80000,0x000000076bb80000,0x0000000777500000)
  from space 18432K, 47% used [0x0000000778c00000,0x00000007794793d8,0x0000000779e00000)
  to   space 20992K, 0% used [0x0000000777500000,0x0000000777500000,0x0000000778980000)
 ParOldGen       total 97792K, used 28092K [0x00000006c3200000, 0x00000006c9180000, 0x000000076bb80000)
  object space 97792K, 28% used [0x00000006c3200000,0x00000006c4d6f358,0x00000006c9180000)
 Metaspace       used 30433K, capacity 31280K, committed 31616K, reserved 1077248K
  class space    used 3427K, capacity 3642K, committed 3712K, reserved 1048576K
}
Event: 235.749 GC heap before
{Heap before GC invocations=12 (full 1):
 PSYoungGen      total 208384K, used 198628K [0x000000076bb80000, 0x0000000779e00000, 0x00000007c0000000)
  eden space 189952K, 100% used [0x000000076bb80000,0x0000000777500000,0x0000000777500000)
  from space 18432K, 47% used [0x0000000778c00000,0x00000007794793d8,0x0000000779e00000)
  to   space 20992K, 0% used [0x0000000777500000,0x0000000777500000,0x0000000778980000)
 ParOldGen       total 97792K, used 28092K [0x00000006c3200000, 0x00000006c9180000, 0x000000076bb80000)
  object space 97792K, 28% used [0x00000006c3200000,0x00000006c4d6f358,0x00000006c9180000)
 Metaspace       used 31819K, capacity 32803K, committed 33024K, reserved 1079296K
  class space    used 3562K, capacity 3781K, committed 3840K, reserved 1048576K
Event: 235.753 GC heap after
Heap after GC invocations=12 (full 1):
 PSYoungGen      total 210944K, used 2330K [0x000000076bb80000, 0x000000077fd00000, 0x00000007c0000000)
  eden space 189952K, 0% used [0x000000076bb80000,0x000000076bb80000,0x0000000777500000)
  from space 20992K, 11% used [0x0000000777500000,0x0000000777746a10,0x0000000778980000)
  to   space 21504K, 0% used [0x000000077e800000,0x000000077e800000,0x000000077fd00000)
 ParOldGen       total 97792K, used 35460K [0x00000006c3200000, 0x00000006c9180000, 0x000000076bb80000)
  object space 97792K, 36% used [0x00000006c3200000,0x00000006c54a12b8,0x00000006c9180000)
 Metaspace       used 31819K, capacity 32803K, committed 33024K, reserved 1079296K
  class space    used 3562K, capacity 3781K, committed 3840K, reserved 1048576K
}

Deoptimization events (10 events):
Event: 158.318 Thread 0x0000000002d56800 Uncommon trap: reason=unstable_if action=reinterpret pc=0x00000000032aaa10 method=com.esotericsoftware.yamlbeans.tokenizer.Tokenizer.peek(I)C @ 15
Event: 269.346 Thread 0x0000000002d56800 Uncommon trap: reason=unloaded action=reinterpret pc=0x00000000039aef1c method=org.aspectj.weaver.World.resolveToReferenceType(Lorg/aspectj/weaver/UnresolvedType;Z)Lorg/aspectj/weaver/ResolvedType; @ 125
Event: 269.347 Thread 0x0000000002d56800 Uncommon trap: reason=class_check action=maybe_recompile pc=0x0000000003852cbc method=org.aspectj.weaver.bcel.BcelObjectType.getSuperclass()Lorg/aspectj/weaver/ResolvedType; @ 71
Event: 269.348 Thread 0x0000000002d56800 Uncommon trap: reason=class_check action=maybe_recompile pc=0x000000000399ac7c method=org.aspectj.weaver.bcel.BcelObjectType.getSuperclass()Lorg/aspectj/weaver/ResolvedType; @ 16
Event: 269.348 Thread 0x0000000002d56800 Uncommon trap: reason=class_check action=maybe_recompile pc=0x000000000399ac7c method=org.aspectj.weaver.bcel.BcelObjectType.getSuperclass()Lorg/aspectj/weaver/ResolvedType; @ 16
Event: 269.348 Thread 0x0000000002d56800 Uncommon trap: reason=class_check action=maybe_recompile pc=0x000000000399ac7c method=org.aspectj.weaver.bcel.BcelObjectType.getSuperclass()Lorg/aspectj/weaver/ResolvedType; @ 16
Event: 269.348 Thread 0x0000000002d56800 Uncommon trap: reason=class_check action=maybe_recompile pc=0x0000000003bd83c0 method=org.aspectj.weaver.bcel.BcelObjectType.getSuperclass()Lorg/aspectj/weaver/ResolvedType; @ 16
Event: 269.348 Thread 0x0000000002d56800 Uncommon trap: reason=class_check action=maybe_recompile pc=0x00000000039a31d4 method=org.aspectj.weaver.bcel.BcelObjectType.getSuperclass()Lorg/aspectj/weaver/ResolvedType; @ 16
Event: 269.348 Thread 0x0000000002d56800 Uncommon trap: reason=class_check action=maybe_recompile pc=0x0000000003852ce8 method=org.aspectj.weaver.bcel.BcelObjectType.getSuperclass()Lorg/aspectj/weaver/ResolvedType; @ 16
Event: 269.370 Thread 0x0000000002d56800 Uncommon trap: reason=unstable_if action=reinterpret pc=0x00000000035e485c method=java.lang.ThreadLocal$ThreadLocalMap.getEntry(Ljava/lang/ThreadLocal;)Ljava/lang/ThreadLocal$ThreadLocalMap$Entry; @ 29

Classes redefined (0 events):
No events

Internal exceptions (10 events):
Event: 269.334 Thread 0x0000000002d56800 Exception <a 'java/net/SocketTimeoutException': Read timed out> (0x000000076c0d7be8) thrown at [C:\re\workspace\8-2-build-windows-amd64-cygwin\jdk8u231\13620\hotspot\src\share\vm\prims\jni.cpp, line 736]
Event: 269.336 Thread 0x0000000002d56800 Exception <a 'java/lang/reflect/InvocationTargetException'> (0x000000076c0deff0) thrown at [C:\re\workspace\8-2-build-windows-amd64-cygwin\jdk8u231\13620\hotspot\src\share\vm\runtime\reflection.cpp, line 1092]
Event: 269.350 Thread 0x0000000002d56800 Exception <a 'java/lang/NoClassDefFoundError': junit/framework/ComparisonFailure> (0x000000076c1bead8) thrown at [C:\re\workspace\8-2-build-windows-amd64-cygwin\jdk8u231\13620\hotspot\src\share\vm\classfile\systemDictionary.cpp, line 199]
Event: 269.350 Thread 0x0000000002d56800 Exception <a 'java/lang/NoClassDefFoundError'> (0x000000076c1bead8) thrown at [C:\re\workspace\8-2-build-windows-amd64-cygwin\jdk8u231\13620\hotspot\src\share\vm\prims\jvm.cpp, line 1506]
Event: 269.352 Thread 0x0000000002d56800 Exception <a 'java/lang/IncompatibleClassChangeError': Found class java.lang.Object, but interface was expected> (0x000000076c21add8) thrown at [C:\re\workspace\8-2-build-windows-amd64-cygwin\jdk8u231\13620\hotspot\src\share\vm\interpreter\linkResolver.cp
Event: 269.352 Thread 0x0000000002d56800 Exception <a 'java/lang/IncompatibleClassChangeError': Found class java.lang.Object, but interface was expected> (0x000000076c21e890) thrown at [C:\re\workspace\8-2-build-windows-amd64-cygwin\jdk8u231\13620\hotspot\src\share\vm\interpreter\linkResolver.cp
Event: 269.353 Thread 0x0000000002d56800 Exception <a 'java/lang/IncompatibleClassChangeError': Found class java.lang.Object, but interface was expected> (0x000000076c2222c0) thrown at [C:\re\workspace\8-2-build-windows-amd64-cygwin\jdk8u231\13620\hotspot\src\share\vm\interpreter\linkResolver.cp
Event: 269.353 Thread 0x0000000002d56800 Exception <a 'java/lang/IncompatibleClassChangeError': Found class java.lang.Object, but interface was expected> (0x000000076c225cc8) thrown at [C:\re\workspace\8-2-build-windows-amd64-cygwin\jdk8u231\13620\hotspot\src\share\vm\interpreter\linkResolver.cp
Event: 269.353 Thread 0x0000000002d56800 Exception <a 'java/lang/IncompatibleClassChangeError': Found class java.lang.Object, but interface was expected> (0x000000076c2296e0) thrown at [C:\re\workspace\8-2-build-windows-amd64-cygwin\jdk8u231\13620\hotspot\src\share\vm\interpreter\linkResolver.cp
Event: 269.354 Thread 0x0000000002d56800 Exception <a 'sun/nio/fs/WindowsException'> (0x000000076c232ec0) thrown at [C:\re\workspace\8-2-build-windows-amd64-cygwin\jdk8u231\13620\hotspot\src\share\vm\prims\jni.cpp, line 710]

Events (10 events):
Event: 269.367 loading class com/fasterxml/jackson/core/util/BufferRecyclers done
Event: 269.370 Thread 0x0000000002d56800 Uncommon trap: trap_request=0xffffff65 fr.pc=0x00000000035e485c
Event: 269.370 Thread 0x0000000002d56800 DEOPT PACKING pc=0x00000000035e485c sp=0x0000000002d4e360
Event: 269.370 Thread 0x0000000002d56800 DEOPT UNPACKING pc=0x000000000306583b sp=0x0000000002d4e230 mode 2
Event: 269.370 loading class com/fasterxml/jackson/core/util/BufferRecycler
Event: 269.370 loading class com/fasterxml/jackson/core/util/BufferRecycler done
Event: 269.372 loading class com/fasterxml/jackson/core/JsonGenerationException
Event: 269.372 loading class com/fasterxml/jackson/core/JsonGenerationException done
Event: 269.374 loading class com/fasterxml/jackson/core/JsonStreamContext
Event: 269.374 loading class com/fasterxml/jackson/core/JsonStreamContext done


Dynamic libraries:
0x00007ff693830000 - 0x00007ff693867000 	C:\Program Files\Java\jdk1.8.0_231\bin\java.exe
0x00007ff93d9e0000 - 0x00007ff93dbd0000 	C:\WINDOWS\SYSTEM32\ntdll.dll
0x00007ff93d3e0000 - 0x00007ff93d492000 	C:\WINDOWS\System32\KERNEL32.DLL
0x00007ff93ad70000 - 0x00007ff93b014000 	C:\WINDOWS\System32\KERNELBASE.dll
0x00007ff93bcb0000 - 0x00007ff93bd53000 	C:\WINDOWS\System32\ADVAPI32.dll
0x00007ff93d1f0000 - 0x00007ff93d28e000 	C:\WINDOWS\System32\msvcrt.dll
0x00007ff93d710000 - 0x00007ff93d7a7000 	C:\WINDOWS\System32\sechost.dll
0x00007ff93d520000 - 0x00007ff93d640000 	C:\WINDOWS\System32\RPCRT4.dll
0x00007ff93c4b0000 - 0x00007ff93c644000 	C:\WINDOWS\System32\USER32.dll
0x00007ff93ab10000 - 0x00007ff93ab31000 	C:\WINDOWS\System32\win32u.dll
0x00007ff93bb10000 - 0x00007ff93bb36000 	C:\WINDOWS\System32\GDI32.dll
0x00007ff93b8f0000 - 0x00007ff93ba85000 	C:\WINDOWS\System32\gdi32full.dll
0x00007ff93acd0000 - 0x00007ff93ad6e000 	C:\WINDOWS\System32\msvcp_win.dll
0x00007ff93b020000 - 0x00007ff93b11a000 	C:\WINDOWS\System32\ucrtbase.dll
0x00007ff9183c0000 - 0x00007ff918644000 	C:\WINDOWS\WinSxS\amd64_microsoft.windows.common-controls_6595b64144ccf1df_6.0.18362.900_none_e6beb9d913147d17\COMCTL32.dll
0x00007ff93ce00000 - 0x00007ff93d135000 	C:\WINDOWS\System32\combase.dll
0x00007ff93ab40000 - 0x00007ff93abc0000 	C:\WINDOWS\System32\bcryptPrimitives.dll
0x00007ff93c1d0000 - 0x00007ff93c1fe000 	C:\WINDOWS\System32\IMM32.DLL
0x0000000056bb0000 - 0x0000000056bba000 	C:\Program Files (x86)\360\360safe\safemon\SafeWrapper.dll
0x00007ff93a4c0000 - 0x00007ff93a643000 	C:\Program Files (x86)\360\360safe\safemon\CHFrame64.dll
0x00007ff93c650000 - 0x00007ff93cd36000 	C:\WINDOWS\System32\SHELL32.dll
0x00007ff93a970000 - 0x00007ff93a9ba000 	C:\WINDOWS\System32\cfgmgr32.dll
0x00007ff93d7b0000 - 0x00007ff93d859000 	C:\WINDOWS\System32\shcore.dll
0x00007ff93b120000 - 0x00007ff93b8a0000 	C:\WINDOWS\System32\windows.storage.dll
0x00007ff93a8d0000 - 0x00007ff93a8f3000 	C:\WINDOWS\System32\profapi.dll
0x00007ff93a900000 - 0x00007ff93a94a000 	C:\WINDOWS\System32\powrprof.dll
0x00007ff93a8a0000 - 0x00007ff93a8b0000 	C:\WINDOWS\System32\UMPDC.dll
0x00007ff93cd40000 - 0x00007ff93cd92000 	C:\WINDOWS\System32\shlwapi.dll
0x00007ff93a950000 - 0x00007ff93a961000 	C:\WINDOWS\System32\kernel.appcore.dll
0x00007ff93b8d0000 - 0x00007ff93b8e7000 	C:\WINDOWS\System32\cryptsp.dll
0x00007ff93bb50000 - 0x00007ff93bca7000 	C:\WINDOWS\System32\ole32.dll
0x00007ff93d640000 - 0x00007ff93d705000 	C:\WINDOWS\System32\OLEAUT32.dll
0x00007ff93d360000 - 0x00007ff93d368000 	C:\WINDOWS\System32\PSAPI.DLL
0x00007ff93d370000 - 0x00007ff93d3df000 	C:\WINDOWS\System32\WS2_32.dll
0x00007ff93a4a0000 - 0x00007ff93a4aa000 	C:\WINDOWS\SYSTEM32\VERSION.dll
0x00007ff93a9c0000 - 0x00007ff93ab09000 	C:\WINDOWS\System32\crypt32.dll
0x00007ff93a8b0000 - 0x00007ff93a8c2000 	C:\WINDOWS\System32\MSASN1.dll
0x00000000566a0000 - 0x0000000056772000 	C:\Program Files\Java\jdk1.8.0_231\jre\bin\msvcr100.dll
0x0000000055df0000 - 0x0000000056696000 	C:\Program Files\Java\jdk1.8.0_231\jre\bin\server\jvm.dll
0x00007ff937420000 - 0x00007ff937429000 	C:\WINDOWS\SYSTEM32\WSOCK32.dll
0x00007ff9192f0000 - 0x00007ff919314000 	C:\WINDOWS\SYSTEM32\WINMM.dll
0x00007ff9284f0000 - 0x00007ff92851d000 	C:\WINDOWS\SYSTEM32\winmmbase.dll
0x00007ff927750000 - 0x00007ff92775f000 	C:\Program Files\Java\jdk1.8.0_231\jre\bin\verify.dll
0x00007ff8f4f80000 - 0x00007ff8f4fa9000 	C:\Program Files\Java\jdk1.8.0_231\jre\bin\java.dll
0x00007ff927850000 - 0x00007ff927873000 	C:\Program Files\Java\jdk1.8.0_231\jre\bin\instrument.dll
0x00007ff8f6c60000 - 0x00007ff8f6c76000 	C:\Program Files\Java\jdk1.8.0_231\jre\bin\zip.dll
0x00007ff9304d0000 - 0x00007ff9304ea000 	D:\IntelliJ IDEA 2019.2.4\bin\breakgen64.dll
0x00007ff8f63f0000 - 0x00007ff8f640a000 	C:\Program Files\Java\jdk1.8.0_231\jre\bin\net.dll
0x00007ff939ee0000 - 0x00007ff939f47000 	C:\WINDOWS\system32\mswsock.dll
0x00007ff925120000 - 0x00007ff925144000 	C:\Program Files\Java\jdk1.8.0_231\jre\bin\sunec.dll
0x00007ff939bf0000 - 0x00007ff939c2a000 	C:\WINDOWS\SYSTEM32\IPHLPAPI.DLL
0x00007ff93c270000 - 0x00007ff93c278000 	C:\WINDOWS\System32\NSI.dll
0x00007ff92eae0000 - 0x00007ff92eaf6000 	C:\WINDOWS\SYSTEM32\dhcpcsvc6.DLL
0x00007ff92ea20000 - 0x00007ff92ea3c000 	C:\WINDOWS\SYSTEM32\dhcpcsvc.DLL
0x00007ff939c30000 - 0x00007ff939cfb000 	C:\WINDOWS\SYSTEM32\DNSAPI.dll
0x00007ff8f5140000 - 0x00007ff8f5152000 	C:\Program Files\Java\jdk1.8.0_231\jre\bin\nio.dll
0x00007ff939a50000 - 0x00007ff939a83000 	C:\WINDOWS\system32\rsaenh.dll
0x00007ff93b8a0000 - 0x00007ff93b8c6000 	C:\WINDOWS\System32\bcrypt.dll
0x00007ff93a7c0000 - 0x00007ff93a7e5000 	C:\WINDOWS\SYSTEM32\USERENV.dll
0x00007ff93a0b0000 - 0x00007ff93a0bc000 	C:\WINDOWS\SYSTEM32\CRYPTBASE.dll
0x00007ff931b70000 - 0x00007ff931b7b000 	C:\Program Files\Java\jdk1.8.0_231\jre\bin\sunmscapi.dll
0x00007ff92ee90000 - 0x00007ff92ee9a000 	C:\Windows\System32\rasadhlp.dll
0x00007ff92e4e0000 - 0x00007ff92e557000 	C:\WINDOWS\System32\fwpuclnt.dll
0x00007ff90e8f0000 - 0x00007ff90ea8a000 	C:\Program Files\Java\jdk1.8.0_231\jre\bin\awt.dll
0x00007ff938d00000 - 0x00007ff938d8f000 	C:\WINDOWS\SYSTEM32\apphelp.dll
0x00007ff9250d0000 - 0x00007ff925112000 	C:\Users\sunxueping-jk\AppData\Local\Temp\jna--1023398720\jna9057250067292177273.dll
0x00007ff906f60000 - 0x00007ff90721c000 	C:\Users\SUNXUE~1\AppData\Local\Temp\tess4j\win32-x86-64\libtesseract410.dll
0x00007ff8ff490000 - 0x00007ff8ff845000 	C:\Users\SUNXUE~1\AppData\Local\Temp\tess4j\win32-x86-64\liblept1780.dll
0x00007ff8f52a0000 - 0x00007ff8f533b000 	C:\WINDOWS\SYSTEM32\MSVCP140.dll
0x00007ff90f0b0000 - 0x00007ff90f0c5000 	C:\WINDOWS\SYSTEM32\VCRUNTIME140.dll
0x00007ff925970000 - 0x00007ff925986000 	C:\WINDOWS\system32\napinsp.dll
0x00007ff925950000 - 0x00007ff92596a000 	C:\WINDOWS\system32\pnrpnsp.dll
0x00007ff925940000 - 0x00007ff92594e000 	C:\WINDOWS\System32\winrnr.dll
0x00007ff92fd20000 - 0x00007ff92fd3c000 	C:\WINDOWS\system32\NLAapi.dll
0x00007ff925920000 - 0x00007ff925935000 	C:\WINDOWS\system32\wshbth.dll
0x00007ff9307a0000 - 0x00007ff9307ad000 	C:\Program Files\Java\jdk1.8.0_231\jre\bin\management.dll

VM Arguments:
jvm_args: -ea -Dorg.uncommons.reportng.escape-output=false -javaagent:C:\Users\sunxueping-jk\.m2\repository/org/aspectj/aspectjweaver/1.8.10/aspectjweaver-1.8.10.jar -Didea.test.cyclic.buffer.size=1048576 -javaagent:D:\IntelliJ IDEA 2019.2.4\lib\idea_rt.jar=51289:D:\IntelliJ IDEA 2019.2.4\bin -Dfile.encoding=UTF-8 
java_command: org.testng.RemoteTestNGStarter -usedefaultlisteners false -socket51288 @w@C:\Users\sunxueping-jk\AppData\Local\Temp\idea_working_dirs_testng.tmp -temp C:\Users\sunxueping-jk\AppData\Local\Temp\idea_testng1.tmp
java_class_path (initial): D:\IntelliJ IDEA 2019.2.4\lib\idea_rt.jar;D:\IntelliJ IDEA 2019.2.4\plugins\testng\lib\testng-plugin.jar;C:\Program Files\Java\jdk1.8.0_231\jre\lib\charsets.jar;C:\Program Files\Java\jdk1.8.0_231\jre\lib\deploy.jar;C:\Program Files\Java\jdk1.8.0_231\jre\lib\ext\access-bridge-64.jar;C:\Program Files\Java\jdk1.8.0_231\jre\lib\ext\cldrdata.jar;C:\Program Files\Java\jdk1.8.0_231\jre\lib\ext\dnsns.jar;C:\Program Files\Java\jdk1.8.0_231\jre\lib\ext\jaccess.jar;C:\Program Files\Java\jdk1.8.0_231\jre\lib\ext\jfxrt.jar;C:\Program Files\Java\jdk1.8.0_231\jre\lib\ext\localedata.jar;C:\Program Files\Java\jdk1.8.0_231\jre\lib\ext\nashorn.jar;C:\Program Files\Java\jdk1.8.0_231\jre\lib\ext\sunec.jar;C:\Program Files\Java\jdk1.8.0_231\jre\lib\ext\sunjce_provider.jar;C:\Program Files\Java\jdk1.8.0_231\jre\lib\ext\sunmscapi.jar;C:\Program Files\Java\jdk1.8.0_231\jre\lib\ext\sunpkcs11.jar;C:\Program Files\Java\jdk1.8.0_231\jre\lib\ext\zipfs.jar;C:\Program Files\Java\jdk1.8.0_231\jre\lib\javaws.jar;C:\Program Files\Java\jdk1.8.0_231\jre\lib\jce.jar;C:\Program Files\Java\jdk1.8.0_231\jre\lib\jfr.jar;C:\Program Files\Java\jdk1.8.0_231\jre\lib\jfxswt.jar;C:\Program Files\Java\jdk1.8.0_231\jre\lib\jsse.jar;C:\Program Files\Java\jdk1.8.0_231\jre\lib\management-agent.jar;C:\Program Files\Java\jdk1.8.0_231\jre\lib\plugin.jar;C:\Program Files\Java\jdk1.8.0_231\jre\lib\resources.jar;C:\Program Files\Java\jdk1.8.0_231\jre\lib\rt.jar;D:\selenium\baoxianUITest\target\test-classes;D:\selenium\baoxianUITest\target\classes;C:\Users\sunxueping-jk\.m2\repository\xml-apis\xml-apis\1.4.01\xml-apis-1.4.01.jar;C:\Users\sunxueping-jk\.m2\repository\org\jodd\jodd-http\3.7.1\jodd-http-3.7.1.jar;C:\Users\sunxueping-jk\.m2\repository\org\jodd\jodd-core\3.7.1\jodd-core-3.7.1.jar;C:\Users\sunxueping-jk\.m2\repository\org\jodd\jodd-upload\3.7.1\jodd-upload-3.7.1.jar;C:\Users\sunxueping-jk\.m2\repository\com\relevantcodes\extentreports\2.40.2\extentreports-2.40.2.jar;C:\Users\sunxueping
Launcher Type: SUN_STANDARD

Environment Variables:
JAVA_HOME=C:\Program Files\Java\jdk1.8.0_231
CLASSPATH=D:\apache-jmeter-5.2\lib\ext\ApacheJMeter_core.jar;D:\apache-jmeter-5.2\lib\jorphan.jar;D:\apache-jmeter-5.2\lib\logkit-2.0.jar;
PATH=D:\软件安装\xshell\;C:\Program Files (x86)\Common Files\Oracle\Java\javapath;C:\WINDOWS\system32;C:\WINDOWS;C:\WINDOWS\System32\Wbem;C:\WINDOWS\System32\WindowsPowerShell\v1.0\;C:\WINDOWS\System32\OpenSSH\;C:\Program Files (x86)\Intel\Intel(R) Management Engine Components\DAL;C:\Program Files\Intel\Intel(R) Management Engine Components\DAL;D:\Git\cmd;D:\软件安装\apache-tomcat-8.5.47-windows-x64\apache-tomcat-8.5.47\bin;C:\Program Files\Java\jdk1.8.0_231\bin;C:\Program Files\Java\jdk1.8.0_231\jre\bin;D:\软件安装\mysql-8.0.18-winx64\bin;D:\Android\android-sdk\platform-tools;D:\Android\android-sdk\tools;%APPIUM_HOME%;%APPIUM_HOME%\node_modules\.bin;C:\Program Files\nodejs\;D:\apktool;D:\apache-maven-3.6.0\bin;D:\apache-maven-3.6.0\bin;D:\groovy-3.0.3\bin;C:\Users\sunxueping-jk\AppData\Local\Programs\Python\Python38\Scripts\;C:\Users\sunxueping-jk\AppData\Local\Programs\Python\Python38\;C:\Users\sunxueping-jk\.windows-build-tools\python27\;C:\Users\sunxueping-jk\AppData\Local\Programs\Python\Python37\Scripts\;C:\Users\sunxueping-jk\AppData\Local\Programs\Python\Python37\;C:\Users\sunxueping-jk\AppData\Local\Microsoft\WindowsApps;D:\软件安装\Fiddler;C:\Users\sunxueping-jk\AppData\Roaming\npm;C:\Users\sunxueping-jk\AppData\Local\BypassRuntm;;%USERPROFILE%\AppData\Local\Microsoft\WindowsApps
USERNAME=sunxueping-jk
OS=Windows_NT
PROCESSOR_IDENTIFIER=Intel64 Family 6 Model 158 Stepping 10, GenuineIntel



---------------  S Y S T E M  ---------------

OS: Windows 10.0 , 64 bit Build 18362 (10.0.18362.900)

CPU:total 12 (initial active 12) (6 cores per cpu, 2 threads per core) family 6 model 158 stepping 10, cmov, cx8, fxsr, mmx, sse, sse2, sse3, ssse3, sse4.1, sse4.2, popcnt, avx, avx2, aes, clmul, erms, rtm, 3dnowpref, lzcnt, ht, tsc, tscinvbit, bmi1, bmi2, adx

Memory: 4k page, physical 16568616k(466812k free), swap 31117732k(4084k free)

vm_info: Java HotSpot(TM) 64-Bit Server VM (25.231-b11) for windows-amd64 JRE (1.8.0_231-b11), built on Oct  5 2019 03:11:30 by "java_re" with MS VC++ 10.0 (VS2010)

time: Mon Jul 20 19:04:39 2020
timezone: 中国标准时间
elapsed time: 269 seconds (0d 0h 4m 29s)

