#
# There is insufficient memory for the Java Runtime Environment to continue.
# Native memory allocation (malloc) failed to allocate 65552 bytes for Chunk::new
# Possible reasons:
#   The system is out of physical RAM or swap space
#   The process is running with CompressedOops enabled, and the Java Heap may be blocking the growth of the native heap
# Possible solutions:
#   Reduce memory load on the system
#   Increase physical memory or swap space
#   Check if swap backing store is full
#   Decrease Java heap size (-Xmx/-Xms)
#   Decrease number of Java threads
#   Decrease Java thread stack sizes (-Xss)
#   Set larger code cache with -XX:ReservedCodeCacheSize=
#   JVM is running with Zero Based Compressed Oops mode in which the Java heap is
#     placed in the first 32GB address space. The Java Heap base address is the
#     maximum limit for the native heap growth. Please use -XX:HeapBaseMinAddress
#     to set the Java Heap base and to place the Java Heap above 32GB virtual address.
# This output file may be truncated or incomplete.
#
#  Out of Memory Error (allocation.cpp:389), pid=68372, tid=0x000000000000f114
#
# JRE version: Java(TM) SE Runtime Environment (8.0_231-b11) (build 1.8.0_231-b11)
# Java VM: Java HotSpot(TM) 64-Bit Server VM (25.231-b11 mixed mode windows-amd64 compressed oops)
# Failed to write core dump. Minidumps are not enabled by default on client versions of Windows
#

---------------  T H R E A D  ---------------

Current thread (0x000000002063f000):  JavaThread "C2 CompilerThread1" daemon [_thread_in_native, id=61716, stack(0x0000000020bc0000,0x0000000020cc0000)]

Stack: [0x0000000020bc0000,0x0000000020cc0000]
[error occurred during error reporting (printing stack bounds), id 0xc0000005]

Native frames: (J=compiled Java code, j=interpreted, Vv=VM code, C=native code)


Current CompileTask:
C2:  12276 3195   !   4       org.aspectj.weaver.ReferenceType::getSuperclass (170 bytes)


---------------  P R O C E S S  ---------------

Java Threads: ( => current thread )
  0x0000000021380000 JavaThread "Okio Watchdog" daemon [_thread_blocked, id=68264, stack(0x00000000268d0000,0x00000000269d0000)]
  0x00000000208d3000 JavaThread "OkHttp ConnectionPool" daemon [_thread_blocked, id=70732, stack(0x00000000267d0000,0x00000000268d0000)]
  0x00000000217e8800 JavaThread "ForkJoinPool.commonPool-worker-9" daemon [_thread_blocked, id=46104, stack(0x00000000266d0000,0x00000000267d0000)]
  0x0000000024c6f000 JavaThread "Exec Stream Pumper" daemon [_thread_in_native, id=68288, stack(0x00000000262d0000,0x00000000263d0000)]
  0x0000000024c6e800 JavaThread "Exec Stream Pumper" daemon [_thread_in_native, id=69720, stack(0x00000000261d0000,0x00000000262d0000)]
  0x0000000022b0c000 JavaThread "Exec Default Executor" daemon [_thread_in_native, id=70932, stack(0x0000000025fd0000,0x00000000260d0000)]
  0x000000002069a000 JavaThread "Service Thread" daemon [_thread_blocked, id=60404, stack(0x0000000020ec0000,0x0000000020fc0000)]
  0x000000002065b000 JavaThread "C1 CompilerThread3" daemon [_thread_blocked, id=69844, stack(0x0000000020dc0000,0x0000000020ec0000)]
  0x000000002065a000 JavaThread "C2 CompilerThread2" daemon [_thread_blocked, id=53068, stack(0x0000000020cc0000,0x0000000020dc0000)]
=>0x000000002063f000 JavaThread "C2 CompilerThread1" daemon [_thread_in_native, id=61716, stack(0x0000000020bc0000,0x0000000020cc0000)]
  0x000000002063e000 JavaThread "C2 CompilerThread0" daemon [_thread_in_native, id=58060, stack(0x0000000020ac0000,0x0000000020bc0000)]
  0x00000000205af800 JavaThread "Monitor Ctrl-Break" daemon [_thread_in_native, id=70484, stack(0x00000000209c0000,0x0000000020ac0000)]
  0x000000001eccb800 JavaThread "Attach Listener" daemon [_thread_blocked, id=70360, stack(0x00000000200c0000,0x00000000201c0000)]
  0x000000001ec77000 JavaThread "Signal Dispatcher" daemon [_thread_blocked, id=69536, stack(0x000000001ffc0000,0x00000000200c0000)]
  0x000000001d596000 JavaThread "Finalizer" daemon [_thread_blocked, id=49180, stack(0x000000001fec0000,0x000000001ffc0000)]
  0x000000001ec53000 JavaThread "Reference Handler" daemon [_thread_blocked, id=11208, stack(0x000000001fdc0000,0x000000001fec0000)]
  0x0000000003846800 JavaThread "main" [_thread_in_native, id=52560, stack(0x0000000003740000,0x0000000003840000)]

Other Threads:
  0x000000001ec32800 VMThread [stack: 0x000000001fcc0000,0x000000001fdc0000] [id=10204]
  0x00000000207b2800 WatcherThread [stack: 0x0000000020fc0000,0x00000000210c0000] [id=65736]

VM state:not at safepoint (normal execution)

VM Mutex/Monitor currently owned by a thread: None

heap address: 0x00000006c3200000, size: 4046 MB, Compressed Oops mode: Zero based, Oop shift amount: 3
Narrow klass base: 0x0000000000000000, Narrow klass shift: 3
Compressed class space size: 1073741824 Address: 0x00000007c0000000

Heap:
 PSYoungGen      total 142336K, used 131107K [0x000000076bb80000, 0x0000000775c80000, 0x00000007c0000000)
  eden space 122880K, 100% used [0x000000076bb80000,0x0000000773380000,0x0000000773380000)
  from space 19456K, 42% used [0x0000000774980000,0x0000000775188e40,0x0000000775c80000)
  to   space 20992K, 0% used [0x0000000773380000,0x0000000773380000,0x0000000774800000)
 ParOldGen       total 99328K, used 21880K [0x00000006c3200000, 0x00000006c9300000, 0x000000076bb80000)
  object space 99328K, 22% used [0x00000006c3200000,0x00000006c475e058,0x00000006c9300000)
 Metaspace       used 28330K, capacity 29252K, committed 29440K, reserved 1075200K
  class space    used 3276K, capacity 3500K, committed 3584K, reserved 1048576K

Card table byte_map: [0x0000000012e00000,0x00000000135f0000] byte_map_base: 0x000000000f7e7000

Marking Bits: (ParMarkBitMap*) 0x0000000056616d90
 Begin Bits: [0x0000000014540000, 0x0000000018478000)
 End Bits:   [0x0000000018478000, 0x000000001c3b0000)

Polling page: 0x0000000000fd0000

CodeCache: size=245760Kb used=12104Kb max_used=12619Kb free=233655Kb
 bounds [0x0000000003a40000, 0x00000000046c0000, 0x0000000012a40000]
 total_blobs=3415 nmethods=2923 adapters=404
 compilation: enabled

Compilation events (10 events):
Event: 12.269 Thread 0x000000002065b000 3208       3       org.aspectj.apache.bcel.classfile.annotation.ElementValue::copy (222 bytes)
Event: 12.270 Thread 0x000000002065b000 nmethod 3208 0x0000000003cd7f90 code [0x0000000003cd8280, 0x0000000003cd9b28]
Event: 12.271 Thread 0x000000002065b000 3209       3       org.aspectj.apache.bcel.classfile.annotation.AnnotationGen::<init> (71 bytes)
Event: 12.272 Thread 0x000000002065b000 nmethod 3209 0x0000000003cdb8d0 code [0x0000000003cdba80, 0x0000000003cdc0a8]
Event: 12.272 Thread 0x000000002065b000 3210       1       org.aspectj.apache.bcel.classfile.annotation.EnumElementValue::getTypeIndex (5 bytes)
Event: 12.272 Thread 0x000000002065b000 nmethod 3210 0x0000000003cd7cd0 code [0x0000000003cd7e20, 0x0000000003cd7f30]
Event: 12.272 Thread 0x000000002065b000 3211       1       org.aspectj.apache.bcel.classfile.annotation.EnumElementValue::getValueIndex (5 bytes)
Event: 12.272 Thread 0x000000002065b000 nmethod 3211 0x0000000003cd7a10 code [0x0000000003cd7b60, 0x0000000003cd7c70]
Event: 12.274 Thread 0x000000002065b000 3212       3       sun.reflect.ClassFileAssembler::setStack (25 bytes)
Event: 12.274 Thread 0x000000002065b000 nmethod 3212 0x0000000003cd76d0 code [0x0000000003cd7820, 0x0000000003cd79b0]

GC Heap History (10 events):
Event: 5.492 GC heap before
{Heap before GC invocations=5 (full 0):
 PSYoungGen      total 75776K, used 75765K [0x000000076bb80000, 0x0000000771000000, 0x00000007c0000000)
  eden space 65024K, 100% used [0x000000076bb80000,0x000000076fb00000,0x000000076fb00000)
  from space 10752K, 99% used [0x0000000770580000,0x0000000770ffd7f0,0x0000000771000000)
  to   space 10752K, 0% used [0x000000076fb00000,0x000000076fb00000,0x0000000770580000)
 ParOldGen       total 173568K, used 11003K [0x00000006c3200000, 0x00000006cdb80000, 0x000000076bb80000)
  object space 173568K, 6% used [0x00000006c3200000,0x00000006c3cbefe0,0x00000006cdb80000)
 Metaspace       used 20810K, capacity 21070K, committed 21248K, reserved 1069056K
  class space    used 2165K, capacity 2259K, committed 2304K, reserved 1048576K
Event: 5.498 GC heap after
Heap after GC invocations=5 (full 0):
 PSYoungGen      total 74240K, used 10725K [0x000000076bb80000, 0x0000000772380000, 0x00000007c0000000)
  eden space 63488K, 0% used [0x000000076bb80000,0x000000076bb80000,0x000000076f980000)
  from space 10752K, 99% used [0x000000076fb00000,0x00000007705795e0,0x0000000770580000)
  to   space 21504K, 0% used [0x0000000770e80000,0x0000000770e80000,0x0000000772380000)
 ParOldGen       total 173568K, used 15790K [0x00000006c3200000, 0x00000006cdb80000, 0x000000076bb80000)
  object space 173568K, 9% used [0x00000006c3200000,0x00000006c416bb00,0x00000006cdb80000)
 Metaspace       used 20810K, capacity 21070K, committed 21248K, reserved 1069056K
  class space    used 2165K, capacity 2259K, committed 2304K, reserved 1048576K
}
Event: 5.508 GC heap before
{Heap before GC invocations=6 (full 0):
 PSYoungGen      total 74240K, used 14473K [0x000000076bb80000, 0x0000000772380000, 0x00000007c0000000)
  eden space 63488K, 5% used [0x000000076bb80000,0x000000076bf28eb0,0x000000076f980000)
  from space 10752K, 99% used [0x000000076fb00000,0x00000007705795e0,0x0000000770580000)
  to   space 21504K, 0% used [0x0000000770e80000,0x0000000770e80000,0x0000000772380000)
 ParOldGen       total 173568K, used 15790K [0x00000006c3200000, 0x00000006cdb80000, 0x000000076bb80000)
  object space 173568K, 9% used [0x00000006c3200000,0x00000006c416bb00,0x00000006cdb80000)
 Metaspace       used 20813K, capacity 21070K, committed 21248K, reserved 1069056K
  class space    used 2166K, capacity 2259K, committed 2304K, reserved 1048576K
Event: 5.513 GC heap after
Heap after GC invocations=6 (full 0):
 PSYoungGen      total 86016K, used 12973K [0x000000076bb80000, 0x0000000775f80000, 0x00000007c0000000)
  eden space 64512K, 0% used [0x000000076bb80000,0x000000076bb80000,0x000000076fa80000)
  from space 21504K, 60% used [0x0000000770e80000,0x0000000771b2b720,0x0000000772380000)
  to   space 20480K, 0% used [0x000000076fa80000,0x000000076fa80000,0x0000000770e80000)
 ParOldGen       total 173568K, used 15798K [0x00000006c3200000, 0x00000006cdb80000, 0x000000076bb80000)
  object space 173568K, 9% used [0x00000006c3200000,0x00000006c416db00,0x00000006cdb80000)
 Metaspace       used 20813K, capacity 21070K, committed 21248K, reserved 1069056K
  class space    used 2166K, capacity 2259K, committed 2304K, reserved 1048576K
}
Event: 5.513 GC heap before
{Heap before GC invocations=7 (full 1):
 PSYoungGen      total 86016K, used 12973K [0x000000076bb80000, 0x0000000775f80000, 0x00000007c0000000)
  eden space 64512K, 0% used [0x000000076bb80000,0x000000076bb80000,0x000000076fa80000)
  from space 21504K, 60% used [0x0000000770e80000,0x0000000771b2b720,0x0000000772380000)
  to   space 20480K, 0% used [0x000000076fa80000,0x000000076fa80000,0x0000000770e80000)
 ParOldGen       total 173568K, used 15798K [0x00000006c3200000, 0x00000006cdb80000, 0x000000076bb80000)
  object space 173568K, 9% used [0x00000006c3200000,0x00000006c416db00,0x00000006cdb80000)
 Metaspace       used 20813K, capacity 21070K, committed 21248K, reserved 1069056K
  class space    used 2166K, capacity 2259K, committed 2304K, reserved 1048576K
Event: 5.543 GC heap after
Heap after GC invocations=7 (full 1):
 PSYoungGen      total 86016K, used 0K [0x000000076bb80000, 0x0000000775f80000, 0x00000007c0000000)
  eden space 64512K, 0% used [0x000000076bb80000,0x000000076bb80000,0x000000076fa80000)
  from space 21504K, 0% used [0x0000000770e80000,0x0000000770e80000,0x0000000772380000)
  to   space 20480K, 0% used [0x000000076fa80000,0x000000076fa80000,0x0000000770e80000)
 ParOldGen       total 99328K, used 21872K [0x00000006c3200000, 0x00000006c9300000, 0x000000076bb80000)
  object space 99328K, 22% used [0x00000006c3200000,0x00000006c475c058,0x00000006c9300000)
 Metaspace       used 20813K, capacity 21070K, committed 21248K, reserved 1069056K
  class space    used 2166K, capacity 2259K, committed 2304K, reserved 1048576K
}
Event: 6.238 GC heap before
{Heap before GC invocations=8 (full 1):
 PSYoungGen      total 86016K, used 64512K [0x000000076bb80000, 0x0000000775f80000, 0x00000007c0000000)
  eden space 64512K, 100% used [0x000000076bb80000,0x000000076fa80000,0x000000076fa80000)
  from space 21504K, 0% used [0x0000000770e80000,0x0000000770e80000,0x0000000772380000)
  to   space 20480K, 0% used [0x000000076fa80000,0x000000076fa80000,0x0000000770e80000)
 ParOldGen       total 99328K, used 21872K [0x00000006c3200000, 0x00000006c9300000, 0x000000076bb80000)
  object space 99328K, 22% used [0x00000006c3200000,0x00000006c475c058,0x00000006c9300000)
 Metaspace       used 22529K, capacity 22826K, committed 23040K, reserved 1069056K
  class space    used 2409K, capacity 2503K, committed 2560K, reserved 1048576K
Event: 6.240 GC heap after
Heap after GC invocations=8 (full 1):
 PSYoungGen      total 84992K, used 4845K [0x000000076bb80000, 0x0000000775e00000, 0x00000007c0000000)
  eden space 64512K, 0% used [0x000000076bb80000,0x000000076bb80000,0x000000076fa80000)
  from space 20480K, 23% used [0x000000076fa80000,0x000000076ff3b6f8,0x0000000770e80000)
  to   space 20992K, 0% used [0x0000000774980000,0x0000000774980000,0x0000000775e00000)
 ParOldGen       total 99328K, used 21880K [0x00000006c3200000, 0x00000006c9300000, 0x000000076bb80000)
  object space 99328K, 22% used [0x00000006c3200000,0x00000006c475e058,0x00000006c9300000)
 Metaspace       used 22529K, capacity 22826K, committed 23040K, reserved 1069056K
  class space    used 2409K, capacity 2503K, committed 2560K, reserved 1048576K
}
Event: 6.929 GC heap before
{Heap before GC invocations=9 (full 1):
 PSYoungGen      total 84992K, used 69357K [0x000000076bb80000, 0x0000000775e00000, 0x00000007c0000000)
  eden space 64512K, 100% used [0x000000076bb80000,0x000000076fa80000,0x000000076fa80000)
  from space 20480K, 23% used [0x000000076fa80000,0x000000076ff3b6f8,0x0000000770e80000)
  to   space 20992K, 0% used [0x0000000774980000,0x0000000774980000,0x0000000775e00000)
 ParOldGen       total 99328K, used 21880K [0x00000006c3200000, 0x00000006c9300000, 0x000000076bb80000)
  object space 99328K, 22% used [0x00000006c3200000,0x00000006c475e058,0x00000006c9300000)
 Metaspace       used 24210K, capacity 24530K, committed 24832K, reserved 1071104K
  class space    used 2655K, capacity 2753K, committed 2816K, reserved 1048576K
Event: 6.933 GC heap after
Heap after GC invocations=9 (full 1):
 PSYoungGen      total 142336K, used 8227K [0x000000076bb80000, 0x0000000775c80000, 0x00000007c0000000)
  eden space 122880K, 0% used [0x000000076bb80000,0x000000076bb80000,0x0000000773380000)
  from space 19456K, 42% used [0x0000000774980000,0x0000000775188e40,0x0000000775c80000)
  to   space 20992K, 0% used [0x0000000773380000,0x0000000773380000,0x0000000774800000)
 ParOldGen       total 99328K, used 21880K [0x00000006c3200000, 0x00000006c9300000, 0x000000076bb80000)
  object space 99328K, 22% used [0x00000006c3200000,0x00000006c475e058,0x00000006c9300000)
 Metaspace       used 24210K, capacity 24530K, committed 24832K, reserved 1071104K
  class space    used 2655K, capacity 2753K, committed 2816K, reserved 1048576K
}

Deoptimization events (10 events):
Event: 12.168 Thread 0x0000000003846800 Uncommon trap: reason=unloaded action=reinterpret pc=0x00000000045be854 method=org.aspectj.util.GenericSignatureParser.tokenize(Ljava/lang/String;)[Ljava/lang/String; @ 707
Event: 12.183 Thread 0x0000000024c6e800 Uncommon trap: reason=unstable_if action=reinterpret pc=0x0000000003bc7204 method=java.io.BufferedOutputStream.write(I)V @ 9
Event: 12.210 Thread 0x0000000003846800 Uncommon trap: reason=unloaded action=reinterpret pc=0x00000000043cf2e4 method=org.aspectj.weaver.World.resolveToReferenceType(Lorg/aspectj/weaver/UnresolvedType;Z)Lorg/aspectj/weaver/ResolvedType; @ 125
Event: 12.210 Thread 0x0000000003846800 Uncommon trap: reason=class_check action=maybe_recompile pc=0x000000000427527c method=org.aspectj.weaver.bcel.BcelObjectType.getSuperclass()Lorg/aspectj/weaver/ResolvedType; @ 71
Event: 12.211 Thread 0x0000000003846800 Uncommon trap: reason=class_check action=maybe_recompile pc=0x00000000043c9d3c method=org.aspectj.weaver.bcel.BcelObjectType.getSuperclass()Lorg/aspectj/weaver/ResolvedType; @ 16
Event: 12.211 Thread 0x0000000003846800 Uncommon trap: reason=class_check action=maybe_recompile pc=0x00000000043c9d3c method=org.aspectj.weaver.bcel.BcelObjectType.getSuperclass()Lorg/aspectj/weaver/ResolvedType; @ 16
Event: 12.211 Thread 0x0000000003846800 Uncommon trap: reason=class_check action=maybe_recompile pc=0x00000000043c9d3c method=org.aspectj.weaver.bcel.BcelObjectType.getSuperclass()Lorg/aspectj/weaver/ResolvedType; @ 16
Event: 12.211 Thread 0x0000000003846800 Uncommon trap: reason=class_check action=maybe_recompile pc=0x00000000044ee858 method=org.aspectj.weaver.bcel.BcelObjectType.getSuperclass()Lorg/aspectj/weaver/ResolvedType; @ 16
Event: 12.212 Thread 0x0000000003846800 Uncommon trap: reason=class_check action=maybe_recompile pc=0x0000000003ba5594 method=org.aspectj.weaver.bcel.BcelObjectType.getSuperclass()Lorg/aspectj/weaver/ResolvedType; @ 16
Event: 12.212 Thread 0x0000000003846800 Uncommon trap: reason=class_check action=maybe_recompile pc=0x00000000042752a8 method=org.aspectj.weaver.bcel.BcelObjectType.getSuperclass()Lorg/aspectj/weaver/ResolvedType; @ 16

Classes redefined (0 events):
No events

Internal exceptions (10 events):
Event: 11.934 Thread 0x0000000003846800 Exception <a 'java/net/SocketTimeoutException': Read timed out> (0x0000000772bbce60) thrown at [C:\re\workspace\8-2-build-windows-amd64-cygwin\jdk8u231\13620\hotspot\src\share\vm\prims\jni.cpp, line 736]
Event: 11.943 Thread 0x0000000003846800 Exception <a 'java/net/SocketTimeoutException': Read timed out> (0x0000000772bd53c8) thrown at [C:\re\workspace\8-2-build-windows-amd64-cygwin\jdk8u231\13620\hotspot\src\share\vm\prims\jni.cpp, line 736]
Event: 12.158 Thread 0x0000000003846800 Exception <a 'java/net/SocketTimeoutException': Read timed out> (0x0000000772bea818) thrown at [C:\re\workspace\8-2-build-windows-amd64-cygwin\jdk8u231\13620\hotspot\src\share\vm\prims\jni.cpp, line 736]
Event: 12.185 Thread 0x0000000003846800 Exception <a 'java/lang/NoSuchMethodError': java.lang.Object.lambda$comparingInt$7b0bb60$1(Ljava/util/function/ToIntFunction;Ljava/lang/Object;Ljava/lang/Object;)I> (0x0000000772c982c0) thrown at [C:\re\workspace\8-2-build-windows-amd64-cygwin\jdk8u231\13
Event: 12.197 Thread 0x0000000003846800 Exception <a 'java/lang/NoSuchMethodError': java.lang.Object.lambda$comparing$77a9974f$1(Ljava/util/function/Function;Ljava/lang/Object;Ljava/lang/Object;)I> (0x0000000772d00b10) thrown at [C:\re\workspace\8-2-build-windows-amd64-cygwin\jdk8u231\13620\hot
Event: 12.199 Thread 0x0000000003846800 Exception <a 'java/lang/reflect/InvocationTargetException'> (0x0000000772d21660) thrown at [C:\re\workspace\8-2-build-windows-amd64-cygwin\jdk8u231\13620\hotspot\src\share\vm\runtime\reflection.cpp, line 1092]
Event: 12.213 Thread 0x0000000003846800 Exception <a 'java/lang/NoClassDefFoundError': junit/framework/ComparisonFailure> (0x0000000772e3dd10) thrown at [C:\re\workspace\8-2-build-windows-amd64-cygwin\jdk8u231\13620\hotspot\src\share\vm\classfile\systemDictionary.cpp, line 199]
Event: 12.213 Thread 0x0000000003846800 Exception <a 'java/lang/NoClassDefFoundError'> (0x0000000772e3dd10) thrown at [C:\re\workspace\8-2-build-windows-amd64-cygwin\jdk8u231\13620\hotspot\src\share\vm\prims\jvm.cpp, line 1506]
Event: 12.265 Thread 0x0000000003846800 Exception <a 'java/lang/NoSuchMethodError': java.lang.Object.lambda$thenComparing$36697e65$1(Ljava/util/Comparator;Ljava/lang/Object;Ljava/lang/Object;)I> (0x000000077311a538) thrown at [C:\re\workspace\8-2-build-windows-amd64-cygwin\jdk8u231\13620\hotspo
Event: 12.275 Thread 0x0000000003846800 Exception <a 'java/lang/IncompatibleClassChangeError': Found class java.lang.Object, but interface was expected> (0x00000007731b0278) thrown at [C:\re\workspace\8-2-build-windows-amd64-cygwin\jdk8u231\13620\hotspot\src\share\vm\interpreter\linkResolver.cp

Events (10 events):
Event: 12.272 loading class io/qameta/allure/LinkAnnotations
Event: 12.272 loading class io/qameta/allure/LinkAnnotations done
Event: 12.275 loading class io/qameta/allure/model/TestResult
Event: 12.275 loading class io/qameta/allure/model/TestResult done
Event: 12.275 loading class io/qameta/allure/AllureLifecycle
Event: 12.275 loading class io/qameta/allure/AllureLifecycle done
Event: 12.275 loading class io/qameta/allure/model/TestResult
Event: 12.275 loading class io/qameta/allure/model/TestResult done
Event: 12.275 loading class io/qameta/allure/listener/TestLifecycleListener
Event: 12.275 loading class io/qameta/allure/listener/TestLifecycleListener done


Dynamic libraries:
0x00007ff693830000 - 0x00007ff693867000 	C:\Program Files\Java\jdk1.8.0_231\bin\java.exe
0x00007ff93d9e0000 - 0x00007ff93dbd0000 	C:\WINDOWS\SYSTEM32\ntdll.dll
0x00007ff93d3e0000 - 0x00007ff93d492000 	C:\WINDOWS\System32\KERNEL32.DLL
0x00007ff93ad70000 - 0x00007ff93b014000 	C:\WINDOWS\System32\KERNELBASE.dll
0x00007ff93bcb0000 - 0x00007ff93bd53000 	C:\WINDOWS\System32\ADVAPI32.dll
0x00007ff93d1f0000 - 0x00007ff93d28e000 	C:\WINDOWS\System32\msvcrt.dll
0x00007ff93d710000 - 0x00007ff93d7a7000 	C:\WINDOWS\System32\sechost.dll
0x00007ff93d520000 - 0x00007ff93d640000 	C:\WINDOWS\System32\RPCRT4.dll
0x00007ff93c4b0000 - 0x00007ff93c644000 	C:\WINDOWS\System32\USER32.dll
0x00007ff93ab10000 - 0x00007ff93ab31000 	C:\WINDOWS\System32\win32u.dll
0x00007ff93bb10000 - 0x00007ff93bb36000 	C:\WINDOWS\System32\GDI32.dll
0x00007ff93b8f0000 - 0x00007ff93ba85000 	C:\WINDOWS\System32\gdi32full.dll
0x00007ff93acd0000 - 0x00007ff93ad6e000 	C:\WINDOWS\System32\msvcp_win.dll
0x00007ff93b020000 - 0x00007ff93b11a000 	C:\WINDOWS\System32\ucrtbase.dll
0x00007ff9183c0000 - 0x00007ff918644000 	C:\WINDOWS\WinSxS\amd64_microsoft.windows.common-controls_6595b64144ccf1df_6.0.18362.900_none_e6beb9d913147d17\COMCTL32.dll
0x00007ff93ce00000 - 0x00007ff93d135000 	C:\WINDOWS\System32\combase.dll
0x00007ff93ab40000 - 0x00007ff93abc0000 	C:\WINDOWS\System32\bcryptPrimitives.dll
0x00007ff93c1d0000 - 0x00007ff93c1fe000 	C:\WINDOWS\System32\IMM32.DLL
0x0000000056bb0000 - 0x0000000056bba000 	C:\Program Files (x86)\360\360safe\safemon\SafeWrapper.dll
0x00007ff93a4c0000 - 0x00007ff93a643000 	C:\Program Files (x86)\360\360safe\safemon\CHFrame64.dll
0x00007ff93c650000 - 0x00007ff93cd36000 	C:\WINDOWS\System32\SHELL32.dll
0x00007ff93a970000 - 0x00007ff93a9ba000 	C:\WINDOWS\System32\cfgmgr32.dll
0x00007ff93d7b0000 - 0x00007ff93d859000 	C:\WINDOWS\System32\shcore.dll
0x00007ff93b120000 - 0x00007ff93b8a0000 	C:\WINDOWS\System32\windows.storage.dll
0x00007ff93a8d0000 - 0x00007ff93a8f3000 	C:\WINDOWS\System32\profapi.dll
0x00007ff93a900000 - 0x00007ff93a94a000 	C:\WINDOWS\System32\powrprof.dll
0x00007ff93a8a0000 - 0x00007ff93a8b0000 	C:\WINDOWS\System32\UMPDC.dll
0x00007ff93cd40000 - 0x00007ff93cd92000 	C:\WINDOWS\System32\shlwapi.dll
0x00007ff93a950000 - 0x00007ff93a961000 	C:\WINDOWS\System32\kernel.appcore.dll
0x00007ff93b8d0000 - 0x00007ff93b8e7000 	C:\WINDOWS\System32\cryptsp.dll
0x00007ff93bb50000 - 0x00007ff93bca7000 	C:\WINDOWS\System32\ole32.dll
0x00007ff93d640000 - 0x00007ff93d705000 	C:\WINDOWS\System32\OLEAUT32.dll
0x00007ff93d360000 - 0x00007ff93d368000 	C:\WINDOWS\System32\PSAPI.DLL
0x00007ff93d370000 - 0x00007ff93d3df000 	C:\WINDOWS\System32\WS2_32.dll
0x00007ff93a4a0000 - 0x00007ff93a4aa000 	C:\WINDOWS\SYSTEM32\VERSION.dll
0x00007ff93a9c0000 - 0x00007ff93ab09000 	C:\WINDOWS\System32\crypt32.dll
0x00007ff93a8b0000 - 0x00007ff93a8c2000 	C:\WINDOWS\System32\MSASN1.dll
0x00000000566a0000 - 0x0000000056772000 	C:\Program Files\Java\jdk1.8.0_231\jre\bin\msvcr100.dll
0x0000000055df0000 - 0x0000000056696000 	C:\Program Files\Java\jdk1.8.0_231\jre\bin\server\jvm.dll
0x00007ff937420000 - 0x00007ff937429000 	C:\WINDOWS\SYSTEM32\WSOCK32.dll
0x00007ff9192f0000 - 0x00007ff919314000 	C:\WINDOWS\SYSTEM32\WINMM.dll
0x00007ff9284f0000 - 0x00007ff92851d000 	C:\WINDOWS\SYSTEM32\winmmbase.dll
0x00007ff927750000 - 0x00007ff92775f000 	C:\Program Files\Java\jdk1.8.0_231\jre\bin\verify.dll
0x00007ff8f4f80000 - 0x00007ff8f4fa9000 	C:\Program Files\Java\jdk1.8.0_231\jre\bin\java.dll
0x00007ff930780000 - 0x00007ff9307a3000 	C:\Program Files\Java\jdk1.8.0_231\jre\bin\instrument.dll
0x00007ff8f6c60000 - 0x00007ff8f6c76000 	C:\Program Files\Java\jdk1.8.0_231\jre\bin\zip.dll
0x00007ff930760000 - 0x00007ff93077a000 	D:\IntelliJ IDEA 2019.2.4\bin\breakgen64.dll
0x00007ff8f63f0000 - 0x00007ff8f640a000 	C:\Program Files\Java\jdk1.8.0_231\jre\bin\net.dll
0x00007ff939ee0000 - 0x00007ff939f47000 	C:\WINDOWS\system32\mswsock.dll
0x00007ff927850000 - 0x00007ff927874000 	C:\Program Files\Java\jdk1.8.0_231\jre\bin\sunec.dll
0x00007ff939bf0000 - 0x00007ff939c2a000 	C:\WINDOWS\SYSTEM32\IPHLPAPI.DLL
0x00007ff93c270000 - 0x00007ff93c278000 	C:\WINDOWS\System32\NSI.dll
0x00007ff92eae0000 - 0x00007ff92eaf6000 	C:\WINDOWS\SYSTEM32\dhcpcsvc6.DLL
0x00007ff92ea20000 - 0x00007ff92ea3c000 	C:\WINDOWS\SYSTEM32\dhcpcsvc.DLL
0x00007ff939c30000 - 0x00007ff939cfb000 	C:\WINDOWS\SYSTEM32\DNSAPI.dll
0x00007ff8f5140000 - 0x00007ff8f5152000 	C:\Program Files\Java\jdk1.8.0_231\jre\bin\nio.dll
0x00007ff939a50000 - 0x00007ff939a83000 	C:\WINDOWS\system32\rsaenh.dll
0x00007ff93b8a0000 - 0x00007ff93b8c6000 	C:\WINDOWS\System32\bcrypt.dll
0x00007ff93a7c0000 - 0x00007ff93a7e5000 	C:\WINDOWS\SYSTEM32\USERENV.dll
0x00007ff93a0b0000 - 0x00007ff93a0bc000 	C:\WINDOWS\SYSTEM32\CRYPTBASE.dll
0x00007ff937430000 - 0x00007ff93743b000 	C:\Program Files\Java\jdk1.8.0_231\jre\bin\sunmscapi.dll
0x00007ff92ee90000 - 0x00007ff92ee9a000 	C:\Windows\System32\rasadhlp.dll
0x00007ff92e4e0000 - 0x00007ff92e557000 	C:\WINDOWS\System32\fwpuclnt.dll
0x00007ff925970000 - 0x00007ff925986000 	C:\WINDOWS\system32\napinsp.dll
0x00007ff925950000 - 0x00007ff92596a000 	C:\WINDOWS\system32\pnrpnsp.dll
0x00007ff925940000 - 0x00007ff92594e000 	C:\WINDOWS\System32\winrnr.dll
0x00007ff92fd20000 - 0x00007ff92fd3c000 	C:\WINDOWS\system32\NLAapi.dll
0x00007ff925920000 - 0x00007ff925935000 	C:\WINDOWS\system32\wshbth.dll
0x00007ff931b70000 - 0x00007ff931b7d000 	C:\Program Files\Java\jdk1.8.0_231\jre\bin\management.dll

VM Arguments:
jvm_args: -ea -Dorg.uncommons.reportng.escape-output=false -javaagent:C:\Users\sunxueping-jk\.m2\repository/org/aspectj/aspectjweaver/1.8.10/aspectjweaver-1.8.10.jar -Didea.test.cyclic.buffer.size=1048576 -javaagent:D:\IntelliJ IDEA 2019.2.4\lib\idea_rt.jar=51744:D:\IntelliJ IDEA 2019.2.4\bin -Dfile.encoding=UTF-8 
java_command: org.testng.RemoteTestNGStarter -usedefaultlisteners false -socket51743 @w@C:\Users\sunxueping-jk\AppData\Local\Temp\idea_working_dirs_testng.tmp -temp C:\Users\sunxueping-jk\AppData\Local\Temp\idea_testng1.tmp
java_class_path (initial): D:\IntelliJ IDEA 2019.2.4\lib\idea_rt.jar;D:\IntelliJ IDEA 2019.2.4\plugins\testng\lib\testng-plugin.jar;C:\Program Files\Java\jdk1.8.0_231\jre\lib\charsets.jar;C:\Program Files\Java\jdk1.8.0_231\jre\lib\deploy.jar;C:\Program Files\Java\jdk1.8.0_231\jre\lib\ext\access-bridge-64.jar;C:\Program Files\Java\jdk1.8.0_231\jre\lib\ext\cldrdata.jar;C:\Program Files\Java\jdk1.8.0_231\jre\lib\ext\dnsns.jar;C:\Program Files\Java\jdk1.8.0_231\jre\lib\ext\jaccess.jar;C:\Program Files\Java\jdk1.8.0_231\jre\lib\ext\jfxrt.jar;C:\Program Files\Java\jdk1.8.0_231\jre\lib\ext\localedata.jar;C:\Program Files\Java\jdk1.8.0_231\jre\lib\ext\nashorn.jar;C:\Program Files\Java\jdk1.8.0_231\jre\lib\ext\sunec.jar;C:\Program Files\Java\jdk1.8.0_231\jre\lib\ext\sunjce_provider.jar;C:\Program Files\Java\jdk1.8.0_231\jre\lib\ext\sunmscapi.jar;C:\Program Files\Java\jdk1.8.0_231\jre\lib\ext\sunpkcs11.jar;C:\Program Files\Java\jdk1.8.0_231\jre\lib\ext\zipfs.jar;C:\Program Files\Java\jdk1.8.0_231\jre\lib\javaws.jar;C:\Program Files\Java\jdk1.8.0_231\jre\lib\jce.jar;C:\Program Files\Java\jdk1.8.0_231\jre\lib\jfr.jar;C:\Program Files\Java\jdk1.8.0_231\jre\lib\jfxswt.jar;C:\Program Files\Java\jdk1.8.0_231\jre\lib\jsse.jar;C:\Program Files\Java\jdk1.8.0_231\jre\lib\management-agent.jar;C:\Program Files\Java\jdk1.8.0_231\jre\lib\plugin.jar;C:\Program Files\Java\jdk1.8.0_231\jre\lib\resources.jar;C:\Program Files\Java\jdk1.8.0_231\jre\lib\rt.jar;D:\selenium\baoxianUITest\target\test-classes;D:\selenium\baoxianUITest\target\classes;C:\Users\sunxueping-jk\.m2\repository\xml-apis\xml-apis\1.4.01\xml-apis-1.4.01.jar;C:\Users\sunxueping-jk\.m2\repository\org\jodd\jodd-http\3.7.1\jodd-http-3.7.1.jar;C:\Users\sunxueping-jk\.m2\repository\org\jodd\jodd-core\3.7.1\jodd-core-3.7.1.jar;C:\Users\sunxueping-jk\.m2\repository\org\jodd\jodd-upload\3.7.1\jodd-upload-3.7.1.jar;C:\Users\sunxueping-jk\.m2\repository\com\relevantcodes\extentreports\2.40.2\extentreports-2.40.2.jar;C:\Users\sunxueping
Launcher Type: SUN_STANDARD

Environment Variables:
JAVA_HOME=C:\Program Files\Java\jdk1.8.0_231
CLASSPATH=D:\apache-jmeter-5.2\lib\ext\ApacheJMeter_core.jar;D:\apache-jmeter-5.2\lib\jorphan.jar;D:\apache-jmeter-5.2\lib\logkit-2.0.jar;
PATH=D:\软件安装\xshell\;C:\Program Files (x86)\Common Files\Oracle\Java\javapath;C:\WINDOWS\system32;C:\WINDOWS;C:\WINDOWS\System32\Wbem;C:\WINDOWS\System32\WindowsPowerShell\v1.0\;C:\WINDOWS\System32\OpenSSH\;C:\Program Files (x86)\Intel\Intel(R) Management Engine Components\DAL;C:\Program Files\Intel\Intel(R) Management Engine Components\DAL;D:\Git\cmd;D:\软件安装\apache-tomcat-8.5.47-windows-x64\apache-tomcat-8.5.47\bin;C:\Program Files\Java\jdk1.8.0_231\bin;C:\Program Files\Java\jdk1.8.0_231\jre\bin;D:\软件安装\mysql-8.0.18-winx64\bin;D:\Android\android-sdk\platform-tools;D:\Android\android-sdk\tools;%APPIUM_HOME%;%APPIUM_HOME%\node_modules\.bin;C:\Program Files\nodejs\;D:\apktool;D:\apache-maven-3.6.0\bin;D:\apache-maven-3.6.0\bin;D:\groovy-3.0.3\bin;C:\Users\sunxueping-jk\AppData\Local\Programs\Python\Python38\Scripts\;C:\Users\sunxueping-jk\AppData\Local\Programs\Python\Python38\;C:\Users\sunxueping-jk\.windows-build-tools\python27\;C:\Users\sunxueping-jk\AppData\Local\Programs\Python\Python37\Scripts\;C:\Users\sunxueping-jk\AppData\Local\Programs\Python\Python37\;C:\Users\sunxueping-jk\AppData\Local\Microsoft\WindowsApps;D:\软件安装\Fiddler;C:\Users\sunxueping-jk\AppData\Roaming\npm;C:\Users\sunxueping-jk\AppData\Local\BypassRuntm;;%USERPROFILE%\AppData\Local\Microsoft\WindowsApps
USERNAME=sunxueping-jk
OS=Windows_NT
PROCESSOR_IDENTIFIER=Intel64 Family 6 Model 158 Stepping 10, GenuineIntel



---------------  S Y S T E M  ---------------

OS: Windows 10.0 , 64 bit Build 18362 (10.0.18362.900)

CPU:total 12 (initial active 12) (6 cores per cpu, 2 threads per core) family 6 model 158 stepping 10, cmov, cx8, fxsr, mmx, sse, sse2, sse3, ssse3, sse4.1, sse4.2, popcnt, avx, avx2, aes, clmul, erms, rtm, 3dnowpref, lzcnt, ht, tsc, tscinvbit, bmi1, bmi2, adx

Memory: 4k page, physical 16568616k(482496k free), swap 31117732k(5192k free)

vm_info: Java HotSpot(TM) 64-Bit Server VM (25.231-b11) for windows-amd64 JRE (1.8.0_231-b11), built on Oct  5 2019 03:11:30 by "java_re" with MS VC++ 10.0 (VS2010)

time: Mon Jul 20 19:06:12 2020
timezone: 中国标准时间
elapsed time: 12 seconds (0d 0h 0m 12s)

