2020-03-15 00:00:13  [ main:55311 ] - [ ERROR ]  错误截图：/Users/xueping.sun/IdeaProjects/selenium/report/snapshot/2020-03-15 000013125.jpg
2020-03-15 00:00:36  [ main:78180 ] - [ ERROR ]  错误截图：/Users/xueping.sun/IdeaProjects/selenium/report/snapshot/2020-03-15 000036006.jpg
2020-03-15 00:02:53  [ main:29135 ] - [ ERROR ]  错误截图：/Users/xueping.sun/IdeaProjects/selenium/report/snapshot/2020-03-15 000253363.jpg
2020-03-15 00:04:56  [ main:31859 ] - [ ERROR ]  错误截图：/Users/xueping.sun/IdeaProjects/selenium/report/snapshot/2020-03-15 000455881.jpg
2020-03-15 00:07:26  [ main:34362 ] - [ ERROR ]  错误截图：/Users/xueping.sun/IdeaProjects/selenium/report/snapshot/2020-03-15 000726160.jpg
2020-03-15 09:30:20  [ main:38609 ] - [ ERROR ]  错误截图：/Users/xueping.sun/IdeaProjects/selenium/report/snapshot/2020-03-15 093020312.jpg
2020-03-15 09:31:55  [ main:33921 ] - [ ERROR ]  错误截图：/Users/xueping.sun/IdeaProjects/selenium/report/snapshot/2020-03-15 093154656.jpg
2020-03-15 09:33:14  [ main:38522 ] - [ ERROR ]  没有找到queding页面元素
2020-03-15 09:46:07  [ main:99722 ] - [ ERROR ]  错误截图：/Users/xueping.sun/IdeaProjects/selenium/report/snapshot/2020-03-15 094606778.jpg
2020-03-15 09:48:17  [ main:64233 ] - [ ERROR ]  错误截图：/Users/xueping.sun/IdeaProjects/selenium/report/snapshot/2020-03-15 094817525.jpg
2020-03-15 10:11:44  [ main:67001 ] - [ ERROR ]  错误截图：/Users/xueping.sun/IdeaProjects/selenium/report/snapshot/2020-03-15 101143767.jpg
2020-03-15 10:16:33  [ main:65140 ] - [ ERROR ]  错误截图：/Users/xueping.sun/IdeaProjects/selenium/report/snapshot/2020-03-15 101632933.jpg
2020-03-15 10:20:03  [ main:60390 ] - [ ERROR ]  错误截图：/Users/xueping.sun/IdeaProjects/selenium/report/snapshot/2020-03-15 102002838.jpg
2020-03-15 10:30:15  [ main:59386 ] - [ ERROR ]  错误截图：/Users/xueping.sun/IdeaProjects/selenium/report/snapshot/2020-03-15 103014854.jpg
2020-03-15 10:39:53  [ main:65068 ] - [ ERROR ]  错误截图：/Users/xueping.sun/IdeaProjects/selenium/report/snapshot/2020-03-15 103950894.jpg
2020-03-15 10:44:29  [ main:250480 ] - [ ERROR ]  错误截图：/Users/xueping.sun/IdeaProjects/selenium/report/snapshot/2020-03-15 104428958.jpg
2020-03-15 11:07:21  [ main:75397 ] - [ ERROR ]  错误截图：/Users/xueping.sun/IdeaProjects/selenium/report/snapshot/2020-03-15 110721109.jpg
2020-03-15 11:19:30  [ main:75832 ] - [ ERROR ]  错误截图：/Users/xueping.sun/IdeaProjects/selenium/report/snapshot/2020-03-15 111930077.jpg
2020-03-15 11:26:18  [ main:75639 ] - [ ERROR ]  错误截图：/Users/xueping.sun/IdeaProjects/selenium/report/snapshot/2020-03-15 112618387.jpg
2020-03-15 12:49:52  [ main:66969 ] - [ ERROR ]  错误截图：/Users/xueping.sun/IdeaProjects/selenium/report/snapshot/2020-03-15 124951742.jpg
2020-03-15 12:54:39  [ main:75940 ] - [ ERROR ]  错误截图：/Users/xueping.sun/IdeaProjects/selenium/report/snapshot/2020-03-15 125439531.jpg
2020-03-15 12:58:48  [ main:75424 ] - [ ERROR ]  错误截图：/Users/xueping.sun/IdeaProjects/selenium/report/snapshot/2020-03-15 125847886.jpg
2020-03-15 13:00:28  [ main:74018 ] - [ ERROR ]  错误截图：/Users/xueping.sun/IdeaProjects/selenium/report/snapshot/2020-03-15 130028308.jpg
2020-03-15 13:10:08  [ main:79047 ] - [ ERROR ]  错误截图：/Users/xueping.sun/IdeaProjects/selenium/report/snapshot/2020-03-15 131008277.jpg
2020-03-15 13:42:12  [ main:21277 ] - [ ERROR ]  swipeToUp is failure -> unknown error: unhandled inspector error: {"code":-32602,"message":"Must send a TouchStart first to start a new touch."}
  (Session info: chrome=80.0.3987.132)
  (Driver info: chromedriver=70.0.3538.67 (9ab0cfab84ded083718d3a4ff830726efd38869f),platform=Mac OS X 10.14.6 x86_64) (WARNING: The server did not provide any stacktrace information)
Command duration or timeout: 0 milliseconds
Build info: version: '3.141.59', revision: 'e82be7d358', time: '2018-11-14T08:17:03'
System info: host: 'xuepingsundeMacBook-Pro.local', ip: 'fe80:0:0:0:c98:507b:278f:dbbb%en0', os.name: 'Mac OS X', os.arch: 'x86_64', os.version: '10.14.6', java.version: '1.8.0_191'
Driver info: org.openqa.selenium.chrome.ChromeDriver
Capabilities {acceptInsecureCerts: false, acceptSslCerts: false, applicationCacheEnabled: false, browserConnectionEnabled: false, browserName: chrome, chrome: {chromedriverVersion: 70.0.3538.67 (9ab0cfab84ded..., userDataDir: /var/folders/gq/rj3hd6rn3tn...}, cssSelectorsEnabled: true, databaseEnabled: false, goog:chromeOptions: {debuggerAddress: localhost:56799}, handlesAlerts: true, hasTouchScreen: true, javascriptEnabled: true, locationContextEnabled: true, mobileEmulationEnabled: true, nativeEvents: true, networkConnectionEnabled: false, pageLoadStrategy: normal, platform: MAC, platformName: MAC, rotatable: false, setWindowRect: true, takesHeapSnapshot: true, takesScreenshot: true, unexpectedAlertBehaviour: , unhandledPromptBehavior: , version: 80.0.3987.132, webStorageEnabled: true}
Session ID: 84d4febfd379033ea13970b372e804a5
2020-03-15 15:08:59  [ main:77449 ] - [ ERROR ]  错误截图：/Users/xueping.sun/IdeaProjects/selenium/report/snapshot/2020-03-15 150858821.jpg
2020-03-15 15:55:08  [ main:80662 ] - [ ERROR ]  错误截图：/Users/xueping.sun/IdeaProjects/selenium/report/snapshot/2020-03-15 155507915.jpg
2020-03-15 16:05:27  [ main:61366 ] - [ ERROR ]  错误截图：/Users/xueping.sun/IdeaProjects/selenium/report/snapshot/2020-03-15 160527156.jpg
2020-03-15 16:30:19  [ main:90625 ] - [ ERROR ]  错误截图：/Users/xueping.sun/IdeaProjects/selenium/report/snapshot/2020-03-15 163018802.jpg
2020-03-15 16:32:48  [ main:88885 ] - [ ERROR ]  错误截图：/Users/xueping.sun/IdeaProjects/selenium/report/snapshot/2020-03-15 163247559.jpg
2020-03-15 16:47:10  [ main:81592 ] - [ ERROR ]  错误截图：/Users/xueping.sun/IdeaProjects/selenium/report/snapshot/2020-03-15 164709829.jpg
2020-03-15 20:01:19  [ main:46221 ] - [ ERROR ]  错误截图：/Users/xueping.sun/IdeaProjects/selenium/report/snapshot/2020-03-15 200119391.jpg
2020-03-15 20:10:41  [ main:607507 ] - [ ERROR ]  错误截图：/Users/xueping.sun/IdeaProjects/selenium/report/snapshot/2020-03-15 201040619.jpg
2020-03-15 20:11:27  [ main:653820 ] - [ ERROR ]  错误截图：/Users/xueping.sun/IdeaProjects/selenium/report/snapshot/2020-03-15 201126983.jpg
2020-03-15 20:12:14  [ main:701065 ] - [ ERROR ]  错误截图：/Users/xueping.sun/IdeaProjects/selenium/report/snapshot/2020-03-15 201214220.jpg
